{"numTotalTestSuites":167,"numPassedTestSuites":157,"numFailedTestSuites":10,"numPendingTestSuites":0,"numTotalTests":409,"numPassedTests":404,"numFailedTests":5,"numPendingTests":0,"numTodoTests":0,"snapshot":{"added":0,"failure":false,"filesAdded":0,"filesRemoved":0,"filesRemovedList":[],"filesUnmatched":1,"filesUpdated":0,"matched":0,"total":1,"unchecked":0,"uncheckedKeysByFile":[],"unmatched":1,"updated":0,"didUpdate":false},"startTime":1785761264896,"success":false,"testResults":[{"assertionResults":[{"ancestorTitles":["i18n: F2 命名空间按需加载","loadNamespacedLocalesMap"],"fullName":"i18n: F2 命名空间按需加载 loadNamespacedLocalesMap 应按 locale → namespace 两级结构构建映射表","status":"passed","title":"应按 locale → namespace 两级结构构建映射表","duration":1.222700000000259,"failureMessages":[],"meta":{}},{"ancestorTitles":["i18n: F2 命名空间按需加载","loadNamespacedLocalesMap"],"fullName":"i18n: F2 命名空间按需加载 loadNamespacedLocalesMap 不匹配正则的路径应被忽略","status":"passed","title":"不匹配正则的路径应被忽略","duration":0.6240999999999985,"failureMessages":[],"meta":{}},{"ancestorTitles":["i18n: F2 命名空间按需加载","loadNamespaceMessages"],"fullName":"i18n: F2 命名空间按需加载 loadNamespaceMessages 应仅加载指定命名空间并合并入 i18n","status":"passed","title":"应仅加载指定命名空间并合并入 i18n","duration":0.9630000000001928,"failureMessages":[],"meta":{}},{"ancestorTitles":["i18n: F2 命名空间按需加载","loadNamespaceMessages"],"fullName":"i18n: F2 命名空间按需加载 loadNamespaceMessages 应并行加载多个命名空间","status":"passed","title":"应并行加载多个命名空间","duration":0.3604000000000269,"failureMessages":[],"meta":{}},{"ancestorTitles":["i18n: F2 命名空间按需加载","loadNamespaceMessages"],"fullName":"i18n: F2 命名空间按需加载 loadNamespaceMessages 请求不存在的命名空间应静默跳过","status":"passed","title":"请求不存在的命名空间应静默跳过","duration":0.1835999999998421,"failureMessages":[],"meta":{}},{"ancestorTitles":["i18n: F2 命名空间按需加载","loadNamespaceMessages"],"fullName":"i18n: F2 命名空间按需加载 loadNamespaceMessages 目标语种不存在于映射表时应安全返回","status":"passed","title":"目标语种不存在于映射表时应安全返回","duration":0.5626999999999498,"failureMessages":[],"meta":{}},{"ancestorTitles":["i18n: F2 命名空间按需加载","preloadLocaleOnIdle"],"fullName":"i18n: F2 命名空间按需加载 preloadLocaleOnIdle 无 requestIdleCallback 时应通过 setTimeout 回退执行","status":"passed","title":"无 requestIdleCallback 时应通过 setTimeout 回退执行","duration":2.893800000000283,"failureMessages":[],"meta":{}},{"ancestorTitles":["i18n: F2 命名空间按需加载","preloadLocaleOnIdle"],"fullName":"i18n: F2 命名空间按需加载 preloadLocaleOnIdle 加载成功后应写入 i18n 词条","status":"passed","title":"加载成功后应写入 i18n 词条","duration":0.7523999999998523,"failureMessages":[],"meta":{}},{"ancestorTitles":["i18n: F2 命名空间按需加载","preloadLocaleOnIdle"],"fullName":"i18n: F2 命名空间按需加载 preloadLocaleOnIdle loader 不存在时应调用 onLoaded 而不抛错","status":"passed","title":"loader 不存在时应调用 onLoaded 而不抛错","duration":0.43820000000005166,"failureMessages":[],"meta":{}}],"startTime":1785761267996,"endTime":1785761268004.4382,"status":"passed","message":"","name":"D:/Code/ydsz/ydsz-pmis/ydsz-frontend/comm/locales/__tests__/i18n.test.ts"},{"assertionResults":[{"ancestorTitles":["feature-flags","注册与默认值"],"fullName":"feature-flags 注册与默认值 register 后 isEnabled 应返回 defaultValue","status":"passed","title":"register 后 isEnabled 应返回 defaultValue","duration":1.9729999999999563,"failureMessages":[],"meta":{}},{"ancestorTitles":["feature-flags","注册与默认值"],"fullName":"feature-flags 注册与默认值 未注册的开关 isEnabled 返回 false","status":"passed","title":"未注册的开关 isEnabled 返回 false","duration":0.4054999999998472,"failureMessages":[],"meta":{}},{"ancestorTitles":["feature-flags","注册与默认值"],"fullName":"feature-flags 注册与默认值 getDef 返回已注册定义","status":"passed","title":"getDef 返回已注册定义","duration":0.31559999999990396,"failureMessages":[],"meta":{}},{"ancestorTitles":["feature-flags","本地覆盖（dev 环境）"],"fullName":"feature-flags 本地覆盖（dev 环境） setEnabled 在 dev 环境应生效并覆盖默认值","status":"passed","title":"setEnabled 在 dev 环境应生效并覆盖默认值","duration":0.9551000000001295,"failureMessages":[],"meta":{}},{"ancestorTitles":["feature-flags","本地覆盖（dev 环境）"],"fullName":"feature-flags 本地覆盖（dev 环境） resetFlag 应回退到默认值","status":"passed","title":"resetFlag 应回退到默认值","duration":0.4104000000002088,"failureMessages":[],"meta":{}},{"ancestorTitles":["feature-flags","本地覆盖（dev 环境）"],"fullName":"feature-flags 本地覆盖（dev 环境） 未注册开关调用 setEnabled 应被拒绝并警告","status":"passed","title":"未注册开关调用 setEnabled 应被拒绝并警告","duration":2.5066000000001623,"failureMessages":[],"meta":{}},{"ancestorTitles":["feature-flags","本地覆盖（dev 环境）"],"fullName":"feature-flags 本地覆盖（dev 环境） allowLocalOverride=false 的开关应拒绝 setEnabled","status":"passed","title":"allowLocalOverride=false 的开关应拒绝 setEnabled","duration":0.8876000000000204,"failureMessages":[],"meta":{}},{"ancestorTitles":["feature-flags","生产环境本地覆盖控制"],"fullName":"feature-flags 生产环境本地覆盖控制 生产环境且 enableLocalOverrideInProd=false 时 setEnabled 应被拒绝","status":"passed","title":"生产环境且 enableLocalOverrideInProd=false 时 setEnabled 应被拒绝","duration":0.4773000000000138,"failureMessages":[],"meta":{}},{"ancestorTitles":["feature-flags","生产环境本地覆盖控制"],"fullName":"feature-flags 生产环境本地覆盖控制 生产环境且 enableLocalOverrideInProd=true 时 setEnabled 应生效","status":"passed","title":"生产环境且 enableLocalOverrideInProd=true 时 setEnabled 应生效","duration":0.24639999999999418,"failureMessages":[],"meta":{}},{"ancestorTitles":["feature-flags","构建期环境变量"],"fullName":"feature-flags 构建期环境变量 VITE_FEATURE_<NAME> 应覆盖 defaultValue","status":"passed","title":"VITE_FEATURE_<NAME> 应覆盖 defaultValue","duration":0.28949999999986176,"failureMessages":[],"meta":{}},{"ancestorTitles":["feature-flags","构建期环境变量"],"fullName":"feature-flags 构建期环境变量 连字符开关名应转为大写下划线 envKey","status":"passed","title":"连字符开关名应转为大写下划线 envKey","duration":0.17390000000023065,"failureMessages":[],"meta":{}},{"ancestorTitles":["feature-flags","构建期环境变量"],"fullName":"feature-flags 构建期环境变量 boolean 型 env 值（true/false）也应识别","status":"passed","title":"boolean 型 env 值（true/false）也应识别","duration":0.15139999999973952,"failureMessages":[],"meta":{}},{"ancestorTitles":["feature-flags","远程配置"],"fullName":"feature-flags 远程配置 loadRemote 合并远程值，优先级高于默认值但低于本地覆盖","status":"passed","title":"loadRemote 合并远程值，优先级高于默认值但低于本地覆盖","duration":0.7550000000001091,"failureMessages":[],"meta":{}},{"ancestorTitles":["feature-flags","远程配置"],"fullName":"feature-flags 远程配置 本地覆盖优先级高于远程","status":"passed","title":"本地覆盖优先级高于远程","duration":0.3670999999999367,"failureMessages":[],"meta":{}},{"ancestorTitles":["feature-flags","远程配置"],"fullName":"feature-flags 远程配置 远程加载失败不抛错且保留既有状态","status":"passed","title":"远程加载失败不抛错且保留既有状态","duration":0.7606000000000677,"failureMessages":[],"meta":{}},{"ancestorTitles":["feature-flags","localStorage 持久化"],"fullName":"feature-flags localStorage 持久化 init 应恢复 localStorage 中已注册且允许本地覆盖的开关","status":"passed","title":"init 应恢复 localStorage 中已注册且允许本地覆盖的开关","duration":0.26519999999982247,"failureMessages":[],"meta":{}},{"ancestorTitles":["feature-flags","localStorage 持久化"],"fullName":"feature-flags localStorage 持久化 setEnabled 应持久化到 localStorage","status":"passed","title":"setEnabled 应持久化到 localStorage","duration":0.1855000000000473,"failureMessages":[],"meta":{}},{"ancestorTitles":["feature-flags","onChange 监听器"],"fullName":"feature-flags onChange 监听器 setEnabled 触发监听器并传入新值","status":"passed","title":"setEnabled 触发监听器并传入新值","duration":0.6743999999998778,"failureMessages":[],"meta":{}},{"ancestorTitles":["feature-flags","onChange 监听器"],"fullName":"feature-flags onChange 监听器 取消订阅后不再触发","status":"passed","title":"取消订阅后不再触发","duration":0.3668999999999869,"failureMessages":[],"meta":{}},{"ancestorTitles":["feature-flags","useFeatureFlag 组合式"],"fullName":"feature-flags useFeatureFlag 组合式 返回响应式 ComputedRef，状态变化时更新","status":"passed","title":"返回响应式 ComputedRef，状态变化时更新","duration":1.6739999999999782,"failureMessages":[],"meta":{}},{"ancestorTitles":["feature-flags","reset"],"fullName":"feature-flags reset 清空所有注册、覆盖与监听器","status":"passed","title":"清空所有注册、覆盖与监听器","duration":0.6422000000002299,"failureMessages":[],"meta":{}}],"startTime":1785761268002,"endTime":1785761268017.642,"status":"passed","message":"","name":"D:/Code/ydsz/ydsz-pmis/ydsz-frontend/comm/@core/feature-flags/__tests__/feature-flags.test.ts"},{"assertionResults":[{"ancestorTitles":["defaultPreferences immutability test"],"fullName":"defaultPreferences immutability test should not modify the config object","status":"failed","title":"should not modify the config object","duration":23.51430000000005,"failureMessages":["Error: Snapshot `defaultPreferences immutability test > should not modify the config object 1` mismatched\n    at createMismatchError (file:///D:/Code/ydsz/ydsz-pmis/ydsz-frontend/node_modules/.pnpm/@vitest+snapshot@3.2.7/node_modules/@vitest/snapshot/dist/index.js:2195:16)\n    at SnapshotClient.assert (file:///D:/Code/ydsz/ydsz-pmis/ydsz-frontend/node_modules/.pnpm/@vitest+snapshot@3.2.7/node_modules/@vitest/snapshot/dist/index.js:2279:10)\n    at Proxy.<anonymous> (file:///D:/Code/ydsz/ydsz-pmis/ydsz-frontend/node_modules/.pnpm/vitest@3.2.7_@types+node@22_5366418623092bdd6fed7ce4ecf5d946/node_modules/vitest/dist/chunks/vi.bdSIJ99Y.js:303:23)\n    at Proxy.methodWrapper (file:///D:/Code/ydsz/ydsz-pmis/ydsz-frontend/node_modules/.pnpm/chai@5.3.3/node_modules/chai/index.js:1686:25)\n    at D:\\Code\\ydsz\\ydsz-pmis\\ydsz-frontend\\comm\\@core\\preferences\\__tests__\\config.test.ts:15:32\n    at file:///D:/Code/ydsz/ydsz-pmis/ydsz-frontend/node_modules/.pnpm/@vitest+runner@3.2.7/node_modules/@vitest/runner/dist/chunk-hooks.js:155:11\n    at file:///D:/Code/ydsz/ydsz-pmis/ydsz-frontend/node_modules/.pnpm/@vitest+runner@3.2.7/node_modules/@vitest/runner/dist/chunk-hooks.js:752:26\n    at file:///D:/Code/ydsz/ydsz-pmis/ydsz-frontend/node_modules/.pnpm/@vitest+runner@3.2.7/node_modules/@vitest/runner/dist/chunk-hooks.js:1897:20\n    at new Promise (<anonymous>)\n    at runWithTimeout (file:///D:/Code/ydsz/ydsz-pmis/ydsz-frontend/node_modules/.pnpm/@vitest+runner@3.2.7/node_modules/@vitest/runner/dist/chunk-hooks.js:1863:10)"],"meta":{}}],"startTime":1785761266929,"endTime":1785761266952.5144,"status":"failed","message":"","name":"D:/Code/ydsz/ydsz-pmis/ydsz-frontend/comm/@core/preferences/__tests__/config.test.ts"},{"assertionResults":[{"ancestorTitles":["preferences"],"fullName":"preferences loads default preferences if no saved preferences found","status":"passed","title":"loads default preferences if no saved preferences found","duration":23.1229000000003,"failureMessages":[],"meta":{}},{"ancestorTitles":["preferences"],"fullName":"preferences initializes preferences with overrides","status":"passed","title":"initializes preferences with overrides","duration":66.52649999999994,"failureMessages":[],"meta":{}},{"ancestorTitles":["preferences"],"fullName":"preferences updates theme mode correctly","status":"passed","title":"updates theme mode correctly","duration":6.265700000000834,"failureMessages":[],"meta":{}},{"ancestorTitles":["preferences"],"fullName":"preferences updates color modes correctly","status":"passed","title":"updates color modes correctly","duration":1.237199999999575,"failureMessages":[],"meta":{}},{"ancestorTitles":["preferences"],"fullName":"preferences resets preferences to default","status":"passed","title":"resets preferences to default","duration":12.401100000000042,"failureMessages":[],"meta":{}},{"ancestorTitles":["preferences"],"fullName":"preferences updates isMobile correctly","status":"passed","title":"updates isMobile correctly","duration":1.4683999999997468,"failureMessages":[],"meta":{}},{"ancestorTitles":["preferences"],"fullName":"preferences updates the locale preference correctly","status":"passed","title":"updates the locale preference correctly","duration":0.712800000000243,"failureMessages":[],"meta":{}},{"ancestorTitles":["preferences"],"fullName":"preferences updates the sidebar width correctly","status":"passed","title":"updates the sidebar width correctly","duration":1.599699999999757,"failureMessages":[],"meta":{}},{"ancestorTitles":["preferences"],"fullName":"preferences updates the sidebar collapse state correctly","status":"passed","title":"updates the sidebar collapse state correctly","duration":0.6499999999996362,"failureMessages":[],"meta":{}},{"ancestorTitles":["preferences"],"fullName":"preferences updates the navigation style type correctly","status":"passed","title":"updates the navigation style type correctly","duration":0.4535999999998239,"failureMessages":[],"meta":{}},{"ancestorTitles":["preferences"],"fullName":"preferences resets preferences to default correctly","status":"passed","title":"resets preferences to default correctly","duration":11.161799999999857,"failureMessages":[],"meta":{}},{"ancestorTitles":["preferences"],"fullName":"preferences does not update undefined preferences","status":"passed","title":"does not update undefined preferences","duration":2.8170000000000073,"failureMessages":[],"meta":{}},{"ancestorTitles":["preferences"],"fullName":"preferences reverts to default when a preference field is deleted","status":"passed","title":"reverts to default when a preference field is deleted","duration":0.7362000000002809,"failureMessages":[],"meta":{}},{"ancestorTitles":["preferences"],"fullName":"preferences ignores updates with invalid preference value types","status":"passed","title":"ignores updates with invalid preference value types","duration":1.5436999999992622,"failureMessages":[],"meta":{}},{"ancestorTitles":["preferences"],"fullName":"preferences merges nested preference objects correctly","status":"passed","title":"merges nested preference objects correctly","duration":12.317699999999604,"failureMessages":[],"meta":{}},{"ancestorTitles":["preferences"],"fullName":"preferences applies updates immediately after initialization","status":"passed","title":"applies updates immediately after initialization","duration":16.90570000000025,"failureMessages":[],"meta":{}},{"ancestorTitles":["isDarkTheme"],"fullName":"isDarkTheme should return true for dark theme","status":"passed","title":"should return true for dark theme","duration":0.32369999999991705,"failureMessages":[],"meta":{}},{"ancestorTitles":["isDarkTheme"],"fullName":"isDarkTheme should return false for light theme","status":"passed","title":"should return false for light theme","duration":0.12619999999969878,"failureMessages":[],"meta":{}},{"ancestorTitles":["isDarkTheme"],"fullName":"isDarkTheme should return system preference for auto theme","status":"passed","title":"should return system preference for auto theme","duration":5.500300000000607,"failureMessages":[],"meta":{}}],"startTime":1785761270136,"endTime":1785761270304.5002,"status":"passed","message":"","name":"D:/Code/ydsz/ydsz-pmis/ydsz-frontend/comm/@core/preferences/__tests__/preferences.test.ts"},{"assertionResults":[{"ancestorTitles":["error-boundary","markDegraded / isDegraded / clearDegraded"],"fullName":"error-boundary markDegraded / isDegraded / clearDegraded 应正确标记降级","status":"passed","title":"应正确标记降级","duration":6.767199999999775,"failureMessages":[],"meta":{}},{"ancestorTitles":["error-boundary","markDegraded / isDegraded / clearDegraded"],"fullName":"error-boundary markDegraded / isDegraded / clearDegraded clearDegraded 应清空所有标记","status":"passed","title":"clearDegraded 应清空所有标记","duration":5.617099999999937,"failureMessages":[],"meta":{}},{"ancestorTitles":["error-boundary","renderErrorFallback"],"fullName":"error-boundary renderErrorFallback 应渲染降级 UI 到容器","status":"passed","title":"应渲染降级 UI 到容器","duration":20.849500000000262,"failureMessages":[],"meta":{}},{"ancestorTitles":["error-boundary","renderErrorFallback"],"fullName":"error-boundary renderErrorFallback 容器不存在时应静默跳过","status":"passed","title":"容器不存在时应静默跳过","duration":7.601400000000012,"failureMessages":[],"meta":{}}],"startTime":1785761268476,"endTime":1785761268517.6013,"status":"passed","message":"","name":"D:/Code/ydsz/ydsz-pmis/ydsz-frontend/comm/effects/micro-kernel/__tests__/error-boundary.test.ts"},{"assertionResults":[{"ancestorTitles":["kernel","globalState 通信"],"fullName":"kernel globalState 通信 setGlobalState 应通知已订阅的 listener","status":"passed","title":"setGlobalState 应通知已订阅的 listener","duration":82.32480000000032,"failureMessages":[],"meta":{}},{"ancestorTitles":["kernel","globalState 通信"],"fullName":"kernel globalState 通信 fireImmediately=true 时应立即以当前状态触发","status":"passed","title":"fireImmediately=true 时应立即以当前状态触发","duration":75.41359999999986,"failureMessages":[],"meta":{}},{"ancestorTitles":["kernel","globalState 通信"],"fullName":"kernel globalState 通信 getGlobalState 应返回快照而非引用","status":"passed","title":"getGlobalState 应返回快照而非引用","duration":70.91849999999977,"failureMessages":[],"meta":{}},{"ancestorTitles":["kernel","路由同步"],"fullName":"kernel 路由同步 navigateTo 应激活匹配 activeRule 的子应用","status":"passed","title":"navigateTo 应激活匹配 activeRule 的子应用","duration":60.49519999999984,"failureMessages":[],"meta":{}},{"ancestorTitles":["kernel","路由同步"],"fullName":"kernel 路由同步 路径不匹配任何子应用时应卸载当前活跃应用","status":"passed","title":"路径不匹配任何子应用时应卸载当前活跃应用","duration":59.4045000000001,"failureMessages":[],"meta":{}},{"ancestorTitles":["kernel","路由同步"],"fullName":"kernel 路由同步 history.pushState 补丁应派发路由变更事件","status":"passed","title":"history.pushState 补丁应派发路由变更事件","duration":67.07400000000007,"failureMessages":[],"meta":{}},{"ancestorTitles":["kernel","switchToken 竞态防护"],"fullName":"kernel switchToken 竞态防护 快速连续切换时，后到的切换应胜出","status":"passed","title":"快速连续切换时，后到的切换应胜出","duration":126.13640000000032,"failureMessages":[],"meta":{}},{"ancestorTitles":["kernel","生命周期钩子"],"fullName":"kernel 生命周期钩子 beforeLoad / afterMount / afterUnmount 应按序触发","status":"passed","title":"beforeLoad / afterMount / afterUnmount 应按序触发","duration":69.23119999999972,"failureMessages":[],"meta":{}},{"ancestorTitles":["kernel","生命周期钩子"],"fullName":"kernel 生命周期钩子 addLifecycleHook 返回的取消订阅函数应移除钩子","status":"passed","title":"addLifecycleHook 返回的取消订阅函数应移除钩子","duration":129.9409999999998,"failureMessages":[],"meta":{}},{"ancestorTitles":["kernel","生命周期钩子"],"fullName":"kernel 生命周期钩子 error 钩子应在加载/挂载失败时被触发","status":"passed","title":"error 钩子应在加载/挂载失败时被触发","duration":61.1265999999996,"failureMessages":[],"meta":{}},{"ancestorTitles":["kernel","_stop"],"fullName":"kernel _stop 应清理路由监听并卸载所有子应用","status":"passed","title":"应清理路由监听并卸载所有子应用","duration":123.32119999999941,"failureMessages":[],"meta":{}},{"ancestorTitles":["kernel","prefetch 预加载"],"fullName":"kernel prefetch 预加载 start 时应按 prefetch 过滤器预加载指定应用","status":"passed","title":"start 时应按 prefetch 过滤器预加载指定应用","duration":61.98949999999968,"failureMessages":[],"meta":{}},{"ancestorTitles":["kernel","prefetch 预加载","网络条件感知"],"fullName":"kernel prefetch 预加载 网络条件感知 saveData=true 时应跳过自动预加载","status":"passed","title":"saveData=true 时应跳过自动预加载","duration":64.01110000000062,"failureMessages":[],"meta":{}},{"ancestorTitles":["kernel","prefetch 预加载","网络条件感知"],"fullName":"kernel prefetch 预加载 网络条件感知 effectiveType=2g 时应跳过自动预加载","status":"passed","title":"effectiveType=2g 时应跳过自动预加载","duration":61.240600000000086,"failureMessages":[],"meta":{}},{"ancestorTitles":["kernel","prefetch 预加载","网络条件感知"],"fullName":"kernel prefetch 预加载 网络条件感知 effectiveType=3g 时应跳过自动预加载","status":"passed","title":"effectiveType=3g 时应跳过自动预加载","duration":62.24300000000039,"failureMessages":[],"meta":{}},{"ancestorTitles":["kernel","prefetch 预加载","网络条件感知"],"fullName":"kernel prefetch 预加载 网络条件感知 effectiveType=4g 时应正常预加载","status":"passed","title":"effectiveType=4g 时应正常预加载","duration":60.027099999999336,"failureMessages":[],"meta":{}},{"ancestorTitles":["kernel","prefetch 预加载","网络条件感知"],"fullName":"kernel prefetch 预加载 网络条件感知 浏览器不支持 Network Information API 时应正常预加载","status":"passed","title":"浏览器不支持 Network Information API 时应正常预加载","duration":61.52509999999984,"failureMessages":[],"meta":{}},{"ancestorTitles":["kernel","prefetch 预加载","网络条件感知"],"fullName":"kernel prefetch 预加载 网络条件感知 prefetchApp 手动预加载应忽略网络条件（即使 saveData=true）","status":"passed","title":"prefetchApp 手动预加载应忽略网络条件（即使 saveData=true）","duration":3.320799999999508,"failureMessages":[],"meta":{}},{"ancestorTitles":["kernel","prefetch 预加载","网络条件感知"],"fullName":"kernel prefetch 预加载 网络条件感知 prefetchApp 未注册应用时应静默返回不抛错","status":"passed","title":"prefetchApp 未注册应用时应静默返回不抛错","duration":2.934400000000096,"failureMessages":[],"meta":{}}],"startTime":1785761268554,"endTime":1785761269858.9343,"status":"passed","message":"","name":"D:/Code/ydsz/ydsz-pmis/ydsz-frontend/comm/effects/micro-kernel/__tests__/kernel.test.ts"},{"assertionResults":[{"ancestorTitles":["loader","fetchManifest"],"fullName":"loader fetchManifest 应正确拼接 manifest.json URL 并返回数据","status":"passed","title":"应正确拼接 manifest.json URL 并返回数据","duration":4.8895000000002256,"failureMessages":[],"meta":{}},{"ancestorTitles":["loader","fetchManifest"],"fullName":"loader fetchManifest HTTP 错误应抛出异常","status":"passed","title":"HTTP 错误应抛出异常","duration":2.2056000000002314,"failureMessages":[],"meta":{}},{"ancestorTitles":["loader","fetchManifest"],"fullName":"loader fetchManifest v3.1: 第二次请求相同 entry 应命中缓存（不重复 fetch）","status":"passed","title":"v3.1: 第二次请求相同 entry 应命中缓存（不重复 fetch）","duration":3.7337000000002263,"failureMessages":[],"meta":{}},{"ancestorTitles":["loader","removeStylesheets"],"fullName":"loader removeStylesheets 应注入带 data-micro-kernel-app 标记的 link 标签","status":"passed","title":"应注入带 data-micro-kernel-app 标记的 link 标签","duration":63.998299999999745,"failureMessages":[],"meta":{}}],"startTime":1785761268472,"endTime":1785761268547.9983,"status":"passed","message":"","name":"D:/Code/ydsz/ydsz-pmis/ydsz-frontend/comm/effects/micro-kernel/__tests__/loader.test.ts"},{"assertionResults":[{"ancestorTitles":["sandbox","enter / exit (window 快照恢复)"],"fullName":"sandbox enter / exit (window 快照恢复) 应恢复子应用新增的 window 全局变量","status":"passed","title":"应恢复子应用新增的 window 全局变量","duration":1.3775000000000546,"failureMessages":[],"meta":{}},{"ancestorTitles":["sandbox","enter / exit (window 快照恢复)"],"fullName":"sandbox enter / exit (window 快照恢复) 应还原被子应用修改的 window 属性","status":"passed","title":"应还原被子应用修改的 window 属性","duration":0.3265999999998712,"failureMessages":[],"meta":{}},{"ancestorTitles":["sandbox","事件监听清理"],"fullName":"sandbox 事件监听清理 应清除子应用注册的 window 事件监听","status":"passed","title":"应清除子应用注册的 window 事件监听","duration":0.9420000000000073,"failureMessages":[],"meta":{}},{"ancestorTitles":["sandbox","定时器清理"],"fullName":"sandbox 定时器清理 应清除子应用创建的 setTimeout","status":"passed","title":"应清除子应用创建的 setTimeout","duration":1.617200000000139,"failureMessages":[],"meta":{}},{"ancestorTitles":["sandbox","定时器清理"],"fullName":"sandbox 定时器清理 应清除子应用创建的 setInterval","status":"passed","title":"应清除子应用创建的 setInterval","duration":0.6132999999999811,"failureMessages":[],"meta":{}},{"ancestorTitles":["sandbox","嵌套沙箱"],"fullName":"sandbox 嵌套沙箱 多次进入退出不应崩溃","status":"passed","title":"多次进入退出不应崩溃","duration":0.16809999999986758,"failureMessages":[],"meta":{}},{"ancestorTitles":["sandbox","嵌套沙箱"],"fullName":"sandbox 嵌套沙箱 v3.1: 退出内层沙箱不应过早 restoreGlobals","status":"failed","title":"v3.1: 退出内层沙箱不应过早 restoreGlobals","duration":6.119000000000142,"failureMessages":["AssertionError: expected [Function bound bound setTimeout] to be [Function bound setTimeout] // Object.is equality\n    at D:\\Code\\ydsz\\ydsz-pmis\\ydsz-frontend\\comm\\effects\\micro-kernel\\__tests__\\sandbox.test.ts:128:33\n    at file:///D:/Code/ydsz/ydsz-pmis/ydsz-frontend/node_modules/.pnpm/@vitest+runner@3.2.7/node_modules/@vitest/runner/dist/chunk-hooks.js:155:11\n    at file:///D:/Code/ydsz/ydsz-pmis/ydsz-frontend/node_modules/.pnpm/@vitest+runner@3.2.7/node_modules/@vitest/runner/dist/chunk-hooks.js:752:26\n    at file:///D:/Code/ydsz/ydsz-pmis/ydsz-frontend/node_modules/.pnpm/@vitest+runner@3.2.7/node_modules/@vitest/runner/dist/chunk-hooks.js:1897:20\n    at new Promise (<anonymous>)\n    at runWithTimeout (file:///D:/Code/ydsz/ydsz-pmis/ydsz-frontend/node_modules/.pnpm/@vitest+runner@3.2.7/node_modules/@vitest/runner/dist/chunk-hooks.js:1863:10)\n    at runTest (file:///D:/Code/ydsz/ydsz-pmis/ydsz-frontend/node_modules/.pnpm/@vitest+runner@3.2.7/node_modules/@vitest/runner/dist/chunk-hooks.js:1574:12)\n    at processTicksAndRejections (node:internal/process/task_queues:104:5)\n    at runSuite (file:///D:/Code/ydsz/ydsz-pmis/ydsz-frontend/node_modules/.pnpm/@vitest+runner@3.2.7/node_modules/@vitest/runner/dist/chunk-hooks.js:1729:8)\n    at runSuite (file:///D:/Code/ydsz/ydsz-pmis/ydsz-frontend/node_modules/.pnpm/@vitest+runner@3.2.7/node_modules/@vitest/runner/dist/chunk-hooks.js:1729:8)"],"meta":{}},{"ancestorTitles":["sandbox","嵌套沙箱"],"fullName":"sandbox 嵌套沙箱 v3.1: 嵌套期间副作用记录到当前激活沙箱","status":"passed","title":"v3.1: 嵌套期间副作用记录到当前激活沙箱","duration":0.3383000000003449,"failureMessages":[],"meta":{}},{"ancestorTitles":["sandbox","嵌套沙箱"],"fullName":"sandbox 嵌套沙箱 v3.1: 非栈顶退出后仍能正确清理","status":"passed","title":"v3.1: 非栈顶退出后仍能正确清理","duration":0.17030000000022483,"failureMessages":[],"meta":{}}],"startTime":1785761267695,"endTime":1785761267707.3384,"status":"failed","message":"","name":"D:/Code/ydsz/ydsz-pmis/ydsz-frontend/comm/effects/micro-kernel/__tests__/sandbox.test.ts"},{"assertionResults":[{"ancestorTitles":["scheduler","createAppInstance"],"fullName":"scheduler createAppInstance 应创建 NOT_LOADED 状态的实例","status":"passed","title":"应创建 NOT_LOADED 状态的实例","duration":2.806999999999789,"failureMessages":[],"meta":{}},{"ancestorTitles":["scheduler","createAppInstance"],"fullName":"scheduler createAppInstance 应注册到全局实例表","status":"passed","title":"应注册到全局实例表","duration":1.6651999999999134,"failureMessages":[],"meta":{}},{"ancestorTitles":["scheduler","activateApp"],"fullName":"scheduler activateApp 应加载并挂载子应用","status":"passed","title":"应加载并挂载子应用","duration":4.500999999999749,"failureMessages":[],"meta":{}},{"ancestorTitles":["scheduler","activateApp"],"fullName":"scheduler activateApp 已挂载的应用不应重复挂载","status":"passed","title":"已挂载的应用不应重复挂载","duration":6.400000000000091,"failureMessages":[],"meta":{}},{"ancestorTitles":["scheduler","deactivateApp"],"fullName":"scheduler deactivateApp 应卸载已挂载的应用","status":"passed","title":"应卸载已挂载的应用","duration":1.9624000000003434,"failureMessages":[],"meta":{}},{"ancestorTitles":["scheduler","deactivateApp"],"fullName":"scheduler deactivateApp 未挂载的应用不应失败","status":"passed","title":"未挂载的应用不应失败","duration":0.34819999999990614,"failureMessages":[],"meta":{}},{"ancestorTitles":["scheduler","keepAlive"],"fullName":"scheduler keepAlive 保活模式下应摘除 DOM 而不销毁组件","status":"passed","title":"保活模式下应摘除 DOM 而不销毁组件","duration":0.7978000000002794,"failureMessages":[],"meta":{}},{"ancestorTitles":["scheduler","keepAlive"],"fullName":"scheduler keepAlive 保活复用时应直接放回 DOM","status":"passed","title":"保活复用时应直接放回 DOM","duration":0.572400000000016,"failureMessages":[],"meta":{}},{"ancestorTitles":["scheduler","getAllInstances"],"fullName":"scheduler getAllInstances 应返回所有已注册实例","status":"passed","title":"应返回所有已注册实例","duration":0.29340000000001965,"failureMessages":[],"meta":{}}],"startTime":1785761268475,"endTime":1785761268494.5725,"status":"passed","message":"","name":"D:/Code/ydsz/ydsz-pmis/ydsz-frontend/comm/effects/micro-kernel/__tests__/scheduler.test.ts"},{"assertionResults":[{"ancestorTitles":["event-bus"],"fullName":"event-bus 应能 emit 并接收事件","status":"passed","title":"应能 emit 并接收事件","duration":2.879699999999957,"failureMessages":[],"meta":{}},{"ancestorTitles":["event-bus"],"fullName":"event-bus 应能取消订阅","status":"passed","title":"应能取消订阅","duration":0.4555000000000291,"failureMessages":[],"meta":{}},{"ancestorTitles":["event-bus"],"fullName":"event-bus 应能 off 指定 handler","status":"passed","title":"应能 off 指定 handler","duration":0.30529999999998836,"failureMessages":[],"meta":{}},{"ancestorTitles":["event-bus"],"fullName":"event-bus handler 抛错不应阻断其他 handler","status":"passed","title":"handler 抛错不应阻断其他 handler","duration":5.975200000000314,"failureMessages":[],"meta":{}},{"ancestorTitles":["event-bus"],"fullName":"event-bus 未订阅的事件 emit 不应报错","status":"passed","title":"未订阅的事件 emit 不应报错","duration":0.6529999999997926,"failureMessages":[],"meta":{}}],"startTime":1785761267712,"endTime":1785761267721.653,"status":"passed","message":"","name":"D:/Code/ydsz/ydsz-pmis/ydsz-frontend/comm/effects/micro-runtime/__tests__/event-bus.test.ts"},{"assertionResults":[{"ancestorTitles":["useGlobalState"],"fullName":"useGlobalState 应同步注入时的初始值","status":"passed","title":"应同步注入时的初始值","duration":1.4768000000003667,"failureMessages":[],"meta":{}},{"ancestorTitles":["useGlobalState"],"fullName":"useGlobalState set 后应通过 subscribe 通知 ref 更新","status":"passed","title":"set 后应通过 subscribe 通知 ref 更新","duration":0.3087999999997919,"failureMessages":[],"meta":{}},{"ancestorTitles":["useGlobalState"],"fullName":"useGlobalState v3.2: scope.stop() 后应自动取消订阅，后续 set 不再触发更新","status":"passed","title":"v3.2: scope.stop() 后应自动取消订阅，后续 set 不再触发更新","duration":0.20539999999982683,"failureMessages":[],"meta":{}},{"ancestorTitles":["useGlobalState"],"fullName":"useGlobalState globalStateHandle 未注入时返回 null ref 且不抛错","status":"passed","title":"globalStateHandle 未注入时返回 null ref 且不抛错","duration":0.91800000000012,"failureMessages":[],"meta":{}},{"ancestorTitles":["useGlobalState"],"fullName":"useGlobalState useGlobalStateRef 支持 get/set 带默认值","status":"passed","title":"useGlobalStateRef 支持 get/set 带默认值","duration":0.4337000000000444,"failureMessages":[],"meta":{}},{"ancestorTitles":["useGlobalState"],"fullName":"useGlobalState 多次调用应各自独立取消订阅","status":"passed","title":"多次调用应各自独立取消订阅","duration":0.25320000000010623,"failureMessages":[],"meta":{}}],"startTime":1785761267843,"endTime":1785761267847.2532,"status":"passed","message":"","name":"D:/Code/ydsz/ydsz-pmis/ydsz-frontend/comm/effects/micro-runtime/__tests__/use-global-state.test.ts"},{"assertionResults":[{"ancestorTitles":["@ydsz/monitor error-monitor"],"fullName":"@ydsz/monitor error-monitor should export setupErrorMonitoring function","status":"passed","title":"should export setupErrorMonitoring function","duration":34.47379999999998,"failureMessages":[],"meta":{}},{"ancestorTitles":["@ydsz/monitor error-monitor"],"fullName":"@ydsz/monitor error-monitor should export reportError function","status":"passed","title":"should export reportError function","duration":0.364699999999857,"failureMessages":[],"meta":{}},{"ancestorTitles":["@ydsz/monitor error-monitor"],"fullName":"@ydsz/monitor error-monitor should accept error reports without throwing","status":"passed","title":"should accept error reports without throwing","duration":1.240000000000009,"failureMessages":[],"meta":{}},{"ancestorTitles":["@ydsz/monitor web-vitals"],"fullName":"@ydsz/monitor web-vitals should export setupWebVitals function","status":"passed","title":"should export setupWebVitals function","duration":26.55840000000012,"failureMessages":[],"meta":{}},{"ancestorTitles":["@ydsz/monitor web-vitals"],"fullName":"@ydsz/monitor web-vitals should export reportWebVital function","status":"passed","title":"should export reportWebVital function","duration":0.33359999999993306,"failureMessages":[],"meta":{}},{"ancestorTitles":["@ydsz/monitor web-vitals"],"fullName":"@ydsz/monitor web-vitals should accept web vital reports without throwing","status":"passed","title":"should accept web vital reports without throwing","duration":1.3922000000000025,"failureMessages":[],"meta":{}},{"ancestorTitles":["@ydsz/monitor setup"],"fullName":"@ydsz/monitor setup should export setupMonitor function","status":"passed","title":"should export setupMonitor function","duration":21.7654,"failureMessages":[],"meta":{}}],"startTime":1785761268200,"endTime":1785761268286.7654,"status":"passed","message":"","name":"D:/Code/ydsz/ydsz-pmis/ydsz-frontend/comm/effects/monitor/__tests__/monitor.test.ts"},{"assertionResults":[{"ancestorTitles":["@ydsz/shared-auth types"],"fullName":"@ydsz/shared-auth types should export AuthApi namespace with correct interfaces","status":"passed","title":"should export AuthApi namespace with correct interfaces","duration":35.45349999999996,"failureMessages":[],"meta":{}},{"ancestorTitles":["@ydsz/shared-auth request setup"],"fullName":"@ydsz/shared-auth request setup should throw when requestClient accessed before initSharedRequest","status":"passed","title":"should throw when requestClient accessed before initSharedRequest","duration":3708.3990000000003,"failureMessages":[],"meta":{}},{"ancestorTitles":["@ydsz/shared-auth request setup"],"fullName":"@ydsz/shared-auth request setup should expose initSharedRequest function","status":"passed","title":"should expose initSharedRequest function","duration":2.1306000000004133,"failureMessages":[],"meta":{}},{"ancestorTitles":["@ydsz/shared-auth auth-api endpoints"],"fullName":"@ydsz/shared-auth auth-api endpoints should export loginApi function","status":"passed","title":"should export loginApi function","duration":347.8026,"failureMessages":[],"meta":{}},{"ancestorTitles":["@ydsz/shared-auth auth-api endpoints"],"fullName":"@ydsz/shared-auth auth-api endpoints should export logoutApi function","status":"passed","title":"should export logoutApi function","duration":0.8481000000001586,"failureMessages":[],"meta":{}},{"ancestorTitles":["@ydsz/shared-auth auth-api endpoints"],"fullName":"@ydsz/shared-auth auth-api endpoints should export refreshTokenApi function","status":"passed","title":"should export refreshTokenApi function","duration":3.013400000000729,"failureMessages":[],"meta":{}},{"ancestorTitles":["@ydsz/shared-auth auth-api endpoints"],"fullName":"@ydsz/shared-auth auth-api endpoints should export getAccessCodesApi function","status":"passed","title":"should export getAccessCodesApi function","duration":0.6541999999999462,"failureMessages":[],"meta":{}},{"ancestorTitles":["@ydsz/shared-auth user-api endpoints"],"fullName":"@ydsz/shared-auth user-api endpoints should export getUserInfoApi function","status":"passed","title":"should export getUserInfoApi function","duration":383.2510999999995,"failureMessages":[],"meta":{}},{"ancestorTitles":["@ydsz/shared-auth menu-api endpoints"],"fullName":"@ydsz/shared-auth menu-api endpoints should export getAllMenusApi function","status":"passed","title":"should export getAllMenusApi function","duration":293.1877000000004,"failureMessages":[],"meta":{}},{"ancestorTitles":["@ydsz/shared-auth menu-api endpoints"],"fullName":"@ydsz/shared-auth menu-api endpoints should export getMenuTreeApi function","status":"passed","title":"should export getMenuTreeApi function","duration":1.0380999999997584,"failureMessages":[],"meta":{}},{"ancestorTitles":["@ydsz/shared-auth auth-store"],"fullName":"@ydsz/shared-auth auth-store should export createSharedAuthStore function","status":"failed","title":"should export createSharedAuthStore function","duration":959.0055999999995,"failureMessages":["Error: Failed to resolve import \"./ydsz\" from \"comm/@core/base/shared/src/constants/index.ts\". Does the file exist?\n    at TransformPluginContext._formatLog (file:///D:/Code/ydsz/ydsz-pmis/ydsz-frontend/node_modules/.pnpm/vite@6.4.3_@types+node@22.2_14f8c5c696eaf7117f141e1c25963f86/node_modules/vite/dist/node/chunks/dep-Dm0c1Wj2.js:42658:41)\n    at TransformPluginContext.error (file:///D:/Code/ydsz/ydsz-pmis/ydsz-frontend/node_modules/.pnpm/vite@6.4.3_@types+node@22.2_14f8c5c696eaf7117f141e1c25963f86/node_modules/vite/dist/node/chunks/dep-Dm0c1Wj2.js:42655:16)\n    at normalizeUrl (file:///D:/Code/ydsz/ydsz-pmis/ydsz-frontend/node_modules/.pnpm/vite@6.4.3_@types+node@22.2_14f8c5c696eaf7117f141e1c25963f86/node_modules/vite/dist/node/chunks/dep-Dm0c1Wj2.js:40634:23)\n    at process.processTicksAndRejections (node:internal/process/task_queues:104:5)\n    at async file:///D:/Code/ydsz/ydsz-pmis/ydsz-frontend/node_modules/.pnpm/vite@6.4.3_@types+node@22.2_14f8c5c696eaf7117f141e1c25963f86/node_modules/vite/dist/node/chunks/dep-Dm0c1Wj2.js:40753:37\n    at async Promise.all (index 1)\n    at async TransformPluginContext.transform (file:///D:/Code/ydsz/ydsz-pmis/ydsz-frontend/node_modules/.pnpm/vite@6.4.3_@types+node@22.2_14f8c5c696eaf7117f141e1c25963f86/node_modules/vite/dist/node/chunks/dep-Dm0c1Wj2.js:40680:7)\n    at async EnvironmentPluginContainer.transform (file:///D:/Code/ydsz/ydsz-pmis/ydsz-frontend/node_modules/.pnpm/vite@6.4.3_@types+node@22.2_14f8c5c696eaf7117f141e1c25963f86/node_modules/vite/dist/node/chunks/dep-Dm0c1Wj2.js:42453:18)\n    at async loadAndTransform (file:///D:/Code/ydsz/ydsz-pmis/ydsz-frontend/node_modules/.pnpm/vite@6.4.3_@types+node@22.2_14f8c5c696eaf7117f141e1c25963f86/node_modules/vite/dist/node/chunks/dep-Dm0c1Wj2.js:35845:27)\n    at async ViteNodeServer._transformRequest (file:///D:/Code/ydsz/ydsz-pmis/ydsz-frontend/node_modules/.pnpm/vite-node@3.2.4_@types+node_72c625cbda868b4559007a04864bcb52/node_modules/vite-node/dist/server.mjs:404:13)"],"meta":{}}],"startTime":1785761268228,"endTime":1785761273966.0056,"status":"failed","message":"","name":"D:/Code/ydsz/ydsz-pmis/ydsz-frontend/comm/effects/shared-auth/__tests__/shared-auth.test.ts"},{"assertionResults":[{"ancestorTitles":["useAccessStore"],"fullName":"useAccessStore updates accessMenus state","status":"passed","title":"updates accessMenus state","duration":9.030500000000075,"failureMessages":[],"meta":{}},{"ancestorTitles":["useAccessStore"],"fullName":"useAccessStore updates accessToken state correctly","status":"passed","title":"updates accessToken state correctly","duration":2.2298000000000684,"failureMessages":[],"meta":{}},{"ancestorTitles":["useAccessStore"],"fullName":"useAccessStore returns the correct accessToken","status":"passed","title":"returns the correct accessToken","duration":0.76299999999992,"failureMessages":[],"meta":{}},{"ancestorTitles":["useAccessStore"],"fullName":"useAccessStore handles empty accessMenus correctly","status":"passed","title":"handles empty accessMenus correctly","duration":0.557399999999916,"failureMessages":[],"meta":{}},{"ancestorTitles":["useAccessStore"],"fullName":"useAccessStore handles empty accessRoutes correctly","status":"passed","title":"handles empty accessRoutes correctly","duration":0.5869999999999891,"failureMessages":[],"meta":{}}],"startTime":1785761269286,"endTime":1785761269299.587,"status":"passed","message":"","name":"D:/Code/ydsz/ydsz-pmis/ydsz-frontend/comm/stores/src/modules/access.test.ts"},{"assertionResults":[{"ancestorTitles":["useAccessStore"],"fullName":"useAccessStore adds a new tab","status":"passed","title":"adds a new tab","duration":20.61959999999999,"failureMessages":[],"meta":{}},{"ancestorTitles":["useAccessStore"],"fullName":"useAccessStore adds a new tab if it does not exist","status":"passed","title":"adds a new tab if it does not exist","duration":2.8362999999999374,"failureMessages":[],"meta":{}},{"ancestorTitles":["useAccessStore"],"fullName":"useAccessStore updates an existing tab instead of adding a new one","status":"passed","title":"updates an existing tab instead of adding a new one","duration":1.9249999999997272,"failureMessages":[],"meta":{}},{"ancestorTitles":["useAccessStore"],"fullName":"useAccessStore closes all tabs","status":"passed","title":"closes all tabs","duration":3.7813999999998487,"failureMessages":[],"meta":{}},{"ancestorTitles":["useAccessStore"],"fullName":"useAccessStore closes a non-affix tab","status":"passed","title":"closes a non-affix tab","duration":5.329400000000078,"failureMessages":[],"meta":{}},{"ancestorTitles":["useAccessStore"],"fullName":"useAccessStore does not close an affix tab","status":"passed","title":"does not close an affix tab","duration":1.3820000000000618,"failureMessages":[],"meta":{}},{"ancestorTitles":["useAccessStore"],"fullName":"useAccessStore returns all cache tabs","status":"passed","title":"returns all cache tabs","duration":3.728599999999915,"failureMessages":[],"meta":{}},{"ancestorTitles":["useAccessStore"],"fullName":"useAccessStore returns all tabs, including affix tabs","status":"passed","title":"returns all tabs, including affix tabs","duration":1.2615000000000691,"failureMessages":[],"meta":{}},{"ancestorTitles":["useAccessStore"],"fullName":"useAccessStore navigates to a specific tab","status":"passed","title":"navigates to a specific tab","duration":6.595600000000104,"failureMessages":[],"meta":{}},{"ancestorTitles":["useAccessStore"],"fullName":"useAccessStore closes multiple tabs by paths","status":"passed","title":"closes multiple tabs by paths","duration":6.1448999999997795,"failureMessages":[],"meta":{}},{"ancestorTitles":["useAccessStore"],"fullName":"useAccessStore closes all tabs to the left of the specified tab","status":"passed","title":"closes all tabs to the left of the specified tab","duration":3.6563999999998487,"failureMessages":[],"meta":{}},{"ancestorTitles":["useAccessStore"],"fullName":"useAccessStore closes all tabs except the specified tab","status":"passed","title":"closes all tabs except the specified tab","duration":1.7910000000001673,"failureMessages":[],"meta":{}},{"ancestorTitles":["useAccessStore"],"fullName":"useAccessStore closes all tabs to the right of the specified tab","status":"passed","title":"closes all tabs to the right of the specified tab","duration":4.212700000000041,"failureMessages":[],"meta":{}},{"ancestorTitles":["useAccessStore"],"fullName":"useAccessStore closes the tab with the specified key","status":"passed","title":"closes the tab with the specified key","duration":2.619300000000294,"failureMessages":[],"meta":{}},{"ancestorTitles":["useAccessStore"],"fullName":"useAccessStore refreshes the current tab","status":"passed","title":"refreshes the current tab","duration":209.90679999999975,"failureMessages":[],"meta":{}}],"startTime":1785761270907,"endTime":1785761271185.9067,"status":"passed","message":"","name":"D:/Code/ydsz/ydsz-pmis/ydsz-frontend/comm/stores/src/modules/tabbar.test.ts"},{"assertionResults":[{"ancestorTitles":["useUserStore"],"fullName":"useUserStore returns correct userInfo","status":"passed","title":"returns correct userInfo","duration":5.132300000000214,"failureMessages":[],"meta":{}},{"ancestorTitles":["useUserStore"],"fullName":"useUserStore clears userInfo and userRoles when setting null userInfo","status":"passed","title":"clears userInfo and userRoles when setting null userInfo","duration":0.9232999999999265,"failureMessages":[],"meta":{}},{"ancestorTitles":["useUserStore"],"fullName":"useUserStore returns an empty array for userRoles if not set","status":"passed","title":"returns an empty array for userRoles if not set","duration":0.3852999999999156,"failureMessages":[],"meta":{}}],"startTime":1785761269537,"endTime":1785761269543.3853,"status":"passed","message":"","name":"D:/Code/ydsz/ydsz-pmis/ydsz-frontend/comm/stores/src/modules/user.test.ts"},{"assertionResults":[{"ancestorTitles":["generatorContentHash"],"fullName":"generatorContentHash should generate an MD5 hash for the content","status":"passed","title":"should generate an MD5 hash for the content","duration":2.0307999999999993,"failureMessages":[],"meta":{}},{"ancestorTitles":["generatorContentHash"],"fullName":"generatorContentHash should generate an MD5 hash with specified length","status":"passed","title":"should generate an MD5 hash with specified length","duration":1.128400000000056,"failureMessages":[],"meta":{}},{"ancestorTitles":["generatorContentHash"],"fullName":"generatorContentHash should correctly generate the hash with specified length","status":"passed","title":"should correctly generate the hash with specified length","duration":0.21870000000012624,"failureMessages":[],"meta":{}},{"ancestorTitles":["generatorContentHash"],"fullName":"generatorContentHash should return full hash if hash length parameter is not provided","status":"passed","title":"should return full hash if hash length parameter is not provided","duration":0.16020000000003165,"failureMessages":[],"meta":{}},{"ancestorTitles":["generatorContentHash"],"fullName":"generatorContentHash should handle empty content","status":"passed","title":"should handle empty content","duration":0.1514999999999418,"failureMessages":[],"meta":{}}],"startTime":1785761269252,"endTime":1785761269256.2188,"status":"passed","message":"","name":"D:/Code/ydsz/ydsz-pmis/ydsz-frontend/conf/node-utils/src/__tests__/hash.test.ts"},{"assertionResults":[{"ancestorTitles":["toPosixPath"],"fullName":"toPosixPath converts Windows-style paths to POSIX paths","status":"passed","title":"converts Windows-style paths to POSIX paths","duration":1.5978999999999814,"failureMessages":[],"meta":{}},{"ancestorTitles":["toPosixPath"],"fullName":"toPosixPath leaves POSIX-style paths unchanged","status":"passed","title":"leaves POSIX-style paths unchanged","duration":0.2499000000000251,"failureMessages":[],"meta":{}},{"ancestorTitles":["toPosixPath"],"fullName":"toPosixPath converts paths with mixed separators","status":"passed","title":"converts paths with mixed separators","duration":0.1973000000000411,"failureMessages":[],"meta":{}},{"ancestorTitles":["toPosixPath"],"fullName":"toPosixPath handles empty strings","status":"passed","title":"handles empty strings","duration":0.1537999999998192,"failureMessages":[],"meta":{}},{"ancestorTitles":["toPosixPath"],"fullName":"toPosixPath handles path with only separators","status":"passed","title":"handles path with only separators","duration":0.12860000000000582,"failureMessages":[],"meta":{}},{"ancestorTitles":["toPosixPath"],"fullName":"toPosixPath handles path without separators","status":"passed","title":"handles path without separators","duration":0.12259999999992033,"failureMessages":[],"meta":{}},{"ancestorTitles":["toPosixPath"],"fullName":"toPosixPath handles path ending with a separator","status":"passed","title":"handles path ending with a separator","duration":0.10419999999999163,"failureMessages":[],"meta":{}},{"ancestorTitles":["toPosixPath"],"fullName":"toPosixPath handles path starting with a separator","status":"passed","title":"handles path starting with a separator","duration":0.10040000000003602,"failureMessages":[],"meta":{}},{"ancestorTitles":["toPosixPath"],"fullName":"toPosixPath handles path with invalid characters","status":"passed","title":"handles path with invalid characters","duration":0.11650000000008731,"failureMessages":[],"meta":{}}],"startTime":1785761269263,"endTime":1785761269266.1165,"status":"passed","message":"","name":"D:/Code/ydsz/ydsz-pmis/ydsz-frontend/conf/node-utils/src/__tests__/path.test.ts"},{"assertionResults":[{"ancestorTitles":["useSessionExpiryWarning"],"fullName":"useSessionExpiryWarning expiresAt 为 null 时不应弹窗","status":"passed","title":"expiresAt 为 null 时不应弹窗","duration":20.745499999999993,"failureMessages":[],"meta":{}},{"ancestorTitles":["useSessionExpiryWarning"],"fullName":"useSessionExpiryWarning expiresAt 距今 > 5 分钟时不应弹窗","status":"passed","title":"expiresAt 距今 > 5 分钟时不应弹窗","duration":5.201799999999821,"failureMessages":[],"meta":{}},{"ancestorTitles":["useSessionExpiryWarning"],"fullName":"useSessionExpiryWarning expiresAt 距今 ≤ 5 分钟时应弹窗一次","status":"passed","title":"expiresAt 距今 ≤ 5 分钟时应弹窗一次","duration":4.274499999999989,"failureMessages":[],"meta":{}},{"ancestorTitles":["useSessionExpiryWarning"],"fullName":"useSessionExpiryWarning expiresAt 变化（续期）后应重新允许弹窗","status":"passed","title":"expiresAt 变化（续期）后应重新允许弹窗","duration":9.310999999999694,"failureMessages":[],"meta":{}},{"ancestorTitles":["useSessionExpiryWarning"],"fullName":"useSessionExpiryWarning 用户确认后应调用 refreshTokenApi 续期","status":"passed","title":"用户确认后应调用 refreshTokenApi 续期","duration":5.331299999999828,"failureMessages":[],"meta":{}},{"ancestorTitles":["useSessionExpiryWarning"],"fullName":"useSessionExpiryWarning 用户取消后不应调用 refreshTokenApi","status":"passed","title":"用户取消后不应调用 refreshTokenApi","duration":4.63819999999987,"failureMessages":[],"meta":{}}],"startTime":1785761271464,"endTime":1785761271513.6382,"status":"passed","message":"","name":"D:/Code/ydsz/ydsz-pmis/ydsz-frontend/main/src/hooks/__tests__/use-session-expiry-warning.test.ts"},{"assertionResults":[{"ancestorTitles":["use-cross-tab-state","useCrossTabState"],"fullName":"use-cross-tab-state useCrossTabState 返回的 ref 具有初始值","status":"passed","title":"返回的 ref 具有初始值","duration":2.0286000000000968,"failureMessages":[],"meta":{}},{"ancestorTitles":["use-cross-tab-state","useCrossTabState"],"fullName":"use-cross-tab-state useCrossTabState broadcast 应将新值广播到其它标签页","status":"passed","title":"broadcast 应将新值广播到其它标签页","duration":0.5064000000002125,"failureMessages":[],"meta":{}},{"ancestorTitles":["use-cross-tab-state","useCrossTabState"],"fullName":"use-cross-tab-state useCrossTabState 直接 ref.value 赋值不广播（仅本地修改）","status":"passed","title":"直接 ref.value 赋值不广播（仅本地修改）","duration":0.45319999999992433,"failureMessages":[],"meta":{}},{"ancestorTitles":["use-cross-tab-state","useCrossTabState"],"fullName":"use-cross-tab-state useCrossTabState scope 销毁时自动清理订阅","status":"passed","title":"scope 销毁时自动清理订阅","duration":0.3667000000000371,"failureMessages":[],"meta":{}},{"ancestorTitles":["use-cross-tab-state","useCrossTabEvent"],"fullName":"use-cross-tab-state useCrossTabEvent 监听一次性事件","status":"passed","title":"监听一次性事件","duration":2.0108000000000175,"failureMessages":[],"meta":{}}],"startTime":1785761267722,"endTime":1785761267728.0107,"status":"passed","message":"","name":"D:/Code/ydsz/ydsz-pmis/ydsz-frontend/comm/@core/composables/src/__tests__/use-cross-tab-state.test.ts"},{"assertionResults":[{"ancestorTitles":["useSortable"],"fullName":"useSortable should call Sortable.create with the correct options","status":"passed","title":"should call Sortable.create with the correct options","duration":12.286200000000008,"failureMessages":[],"meta":{}}],"startTime":1785761270146,"endTime":1785761270158.2861,"status":"passed","message":"","name":"D:/Code/ydsz/ydsz-pmis/ydsz-frontend/comm/@core/composables/src/__tests__/use-sortable.test.ts"},{"assertionResults":[{"ancestorTitles":["formApi"],"fullName":"formApi should initialize with default state","status":"passed","title":"should initialize with default state","duration":9.91630000000032,"failureMessages":[],"meta":{}},{"ancestorTitles":["formApi"],"fullName":"formApi should mount form actions","status":"passed","title":"should mount form actions","duration":5.6404999999999745,"failureMessages":[],"meta":{}},{"ancestorTitles":["formApi"],"fullName":"formApi should get values from form","status":"passed","title":"should get values from form","duration":1.609400000000278,"failureMessages":[],"meta":{}},{"ancestorTitles":["formApi"],"fullName":"formApi should set field value","status":"passed","title":"should set field value","duration":2.5033999999996013,"failureMessages":[],"meta":{}},{"ancestorTitles":["formApi"],"fullName":"formApi should reset form","status":"passed","title":"should reset form","duration":1.0661999999997533,"failureMessages":[],"meta":{}},{"ancestorTitles":["formApi"],"fullName":"formApi should call handleSubmit on submit","status":"passed","title":"should call handleSubmit on submit","duration":5.415300000000116,"failureMessages":[],"meta":{}},{"ancestorTitles":["formApi"],"fullName":"formApi should unmount form and reset state","status":"passed","title":"should unmount form and reset state","duration":0.7923999999998159,"failureMessages":[],"meta":{}},{"ancestorTitles":["formApi"],"fullName":"formApi should validate form","status":"passed","title":"should validate form","duration":1.7015999999998712,"failureMessages":[],"meta":{}},{"ancestorTitles":["updateSchema"],"fullName":"updateSchema should update the schema correctly when fieldName matches","status":"passed","title":"should update the schema correctly when fieldName matches","duration":1.1784999999999854,"failureMessages":[],"meta":{}},{"ancestorTitles":["updateSchema"],"fullName":"updateSchema should log an error if fieldName is missing in some items","status":"passed","title":"should log an error if fieldName is missing in some items","duration":2.9200000000000728,"failureMessages":[],"meta":{}},{"ancestorTitles":["updateSchema"],"fullName":"updateSchema should not update schema if fieldName does not match","status":"passed","title":"should not update schema if fieldName does not match","duration":0.5497000000000298,"failureMessages":[],"meta":{}},{"ancestorTitles":["updateSchema"],"fullName":"updateSchema should not update schema if updatedMap is empty","status":"passed","title":"should not update schema if updatedMap is empty","duration":0.2798000000002503,"failureMessages":[],"meta":{}}],"startTime":1785761271464,"endTime":1785761271502.2798,"status":"passed","message":"","name":"D:/Code/ydsz/ydsz-pmis/ydsz-frontend/comm/@core/ui-kit/form-ui/__tests__/form-api.test.ts"},{"assertionResults":[{"ancestorTitles":["requestClient"],"fullName":"requestClient should successfully make a GET request","status":"passed","title":"should successfully make a GET request","duration":28.072900000000118,"failureMessages":[],"meta":{}},{"ancestorTitles":["requestClient"],"fullName":"requestClient should successfully make a POST request","status":"passed","title":"should successfully make a POST request","duration":4.669200000000274,"failureMessages":[],"meta":{}},{"ancestorTitles":["requestClient"],"fullName":"requestClient should successfully make a PUT request","status":"passed","title":"should successfully make a PUT request","duration":2.896900000000187,"failureMessages":[],"meta":{}},{"ancestorTitles":["requestClient"],"fullName":"requestClient should successfully make a DELETE request","status":"passed","title":"should successfully make a DELETE request","duration":2.0007000000000517,"failureMessages":[],"meta":{}},{"ancestorTitles":["requestClient"],"fullName":"requestClient should handle network errors","status":"failed","title":"should handle network errors","duration":38.97370000000001,"failureMessages":["AssertionError: expected undefined to be true // Object.is equality\n    at D:\\Code\\ydsz\\ydsz-pmis\\ydsz-frontend\\comm\\effects\\request\\src\\request-client\\request-client.test.ts:64:34\n    at processTicksAndRejections (node:internal/process/task_queues:104:5)\n    at file:///D:/Code/ydsz/ydsz-pmis/ydsz-frontend/node_modules/.pnpm/@vitest+runner@3.2.7/node_modules/@vitest/runner/dist/chunk-hooks.js:752:20"],"meta":{}},{"ancestorTitles":["requestClient"],"fullName":"requestClient should handle timeout","status":"failed","title":"should handle timeout","duration":5.485699999999724,"failureMessages":["AssertionError: expected undefined to be true // Object.is equality\n    at D:\\Code\\ydsz\\ydsz-pmis\\ydsz-frontend\\comm\\effects\\request\\src\\request-client\\request-client.test.ts:75:34\n    at processTicksAndRejections (node:internal/process/task_queues:104:5)\n    at file:///D:/Code/ydsz/ydsz-pmis/ydsz-frontend/node_modules/.pnpm/@vitest+runner@3.2.7/node_modules/@vitest/runner/dist/chunk-hooks.js:752:20"],"meta":{}},{"ancestorTitles":["requestClient"],"fullName":"requestClient should successfully upload a file","status":"passed","title":"should successfully upload a file","duration":4.707899999999881,"failureMessages":[],"meta":{}},{"ancestorTitles":["requestClient"],"fullName":"requestClient should successfully download a file as a blob","status":"passed","title":"should successfully download a file as a blob","duration":7.073099999999613,"failureMessages":[],"meta":{}}],"startTime":1785761271981,"endTime":1785761272076.073,"status":"failed","message":"","name":"D:/Code/ydsz/ydsz-pmis/ydsz-frontend/comm/effects/request/src/request-client/request-client.test.ts"},{"assertionResults":[{"ancestorTitles":["menu Finder Tests"],"fullName":"menu Finder Tests finds a top-level menu","status":"passed","title":"finds a top-level menu","duration":1.6485000000000127,"failureMessages":[],"meta":{}},{"ancestorTitles":["menu Finder Tests"],"fullName":"menu Finder Tests finds a nested menu","status":"passed","title":"finds a nested menu","duration":0.26759999999990214,"failureMessages":[],"meta":{}},{"ancestorTitles":["menu Finder Tests"],"fullName":"menu Finder Tests returns null for a non-existent path","status":"passed","title":"returns null for a non-existent path","duration":0.19849999999996726,"failureMessages":[],"meta":{}},{"ancestorTitles":["menu Finder Tests"],"fullName":"menu Finder Tests handles empty menus list","status":"passed","title":"handles empty menus list","duration":0.11519999999995889,"failureMessages":[],"meta":{}},{"ancestorTitles":["menu Finder Tests"],"fullName":"menu Finder Tests handles menu items without children","status":"passed","title":"handles menu items without children","duration":0.16010000000005675,"failureMessages":[],"meta":{}},{"ancestorTitles":["menu Finder Tests"],"fullName":"menu Finder Tests finds root menu by path","status":"passed","title":"finds root menu by path","duration":0.38479999999981374,"failureMessages":[],"meta":{}},{"ancestorTitles":["menu Finder Tests"],"fullName":"menu Finder Tests returns null for undefined or empty path","status":"passed","title":"returns null for undefined or empty path","duration":0.18299999999999272,"failureMessages":[],"meta":{}},{"ancestorTitles":["menu Finder Tests"],"fullName":"menu Finder Tests checks for root menu when path does not exist","status":"passed","title":"checks for root menu when path does not exist","duration":0.12089999999989232,"failureMessages":[],"meta":{}}],"startTime":1785761270419,"endTime":1785761270422.3848,"status":"passed","message":"","name":"D:/Code/ydsz/ydsz-pmis/ydsz-frontend/comm/utils/src/helpers/__tests__/find-menu-by-path.test.ts"},{"assertionResults":[{"ancestorTitles":["generateMenus"],"fullName":"generateMenus the correct menu list should be generated according to the route","status":"passed","title":"the correct menu list should be generated according to the route","duration":4.2236000000002605,"failureMessages":[],"meta":{}},{"ancestorTitles":["generateMenus"],"fullName":"generateMenus includes additional meta properties in menu items","status":"passed","title":"includes additional meta properties in menu items","duration":0.6476999999999862,"failureMessages":[],"meta":{}},{"ancestorTitles":["generateMenus"],"fullName":"generateMenus handles dynamic route parameters correctly","status":"passed","title":"handles dynamic route parameters correctly","duration":0.4072000000001026,"failureMessages":[],"meta":{}},{"ancestorTitles":["generateMenus"],"fullName":"generateMenus processes routes with redirects correctly","status":"passed","title":"processes routes with redirects correctly","duration":0.39350000000013097,"failureMessages":[],"meta":{}},{"ancestorTitles":["generateMenus"],"fullName":"generateMenus should generate menu list with correct order","status":"passed","title":"should generate menu list with correct order","duration":0.46289999999999054,"failureMessages":[],"meta":{}},{"ancestorTitles":["generateMenus"],"fullName":"generateMenus should handle empty routes","status":"passed","title":"should handle empty routes","duration":0.5253999999999905,"failureMessages":[],"meta":{}}],"startTime":1785761271002,"endTime":1785761271008.5254,"status":"passed","message":"","name":"D:/Code/ydsz/ydsz-pmis/ydsz-frontend/comm/utils/src/helpers/__tests__/generate-menus.test.ts"},{"assertionResults":[{"ancestorTitles":["hasAuthority"],"fullName":"hasAuthority should return true if there is no authority defined","status":"passed","title":"should return true if there is no authority defined","duration":1.5717999999999392,"failureMessages":[],"meta":{}},{"ancestorTitles":["hasAuthority"],"fullName":"hasAuthority should return true if the user has the required authority","status":"passed","title":"should return true if the user has the required authority","duration":0.20199999999999818,"failureMessages":[],"meta":{}},{"ancestorTitles":["hasAuthority"],"fullName":"hasAuthority should return false if the user does not have the required authority","status":"passed","title":"should return false if the user does not have the required authority","duration":0.18519999999989523,"failureMessages":[],"meta":{}},{"ancestorTitles":["generateRoutesByFrontend"],"fullName":"generateRoutesByFrontend should handle routes without children","status":"passed","title":"should handle routes without children","duration":1.1008999999999105,"failureMessages":[],"meta":{}},{"ancestorTitles":["generateRoutesByFrontend"],"fullName":"generateRoutesByFrontend should handle empty roles array","status":"passed","title":"should handle empty roles array","duration":0.45699999999987995,"failureMessages":[],"meta":{}},{"ancestorTitles":["generateRoutesByFrontend"],"fullName":"generateRoutesByFrontend should handle missing meta fields","status":"passed","title":"should handle missing meta fields","duration":0.744899999999916,"failureMessages":[],"meta":{}}],"startTime":1785761271035,"endTime":1785761271038.7449,"status":"passed","message":"","name":"D:/Code/ydsz/ydsz-pmis/ydsz-frontend/comm/utils/src/helpers/__tests__/generate-routes-frontend.test.ts"},{"assertionResults":[{"ancestorTitles":["mergeRouteModules"],"fullName":"mergeRouteModules should merge route modules correctly","status":"passed","title":"should merge route modules correctly","duration":4.334599999999909,"failureMessages":[],"meta":{}},{"ancestorTitles":["mergeRouteModules"],"fullName":"mergeRouteModules should handle empty modules","status":"passed","title":"should handle empty modules","duration":0.43059999999991305,"failureMessages":[],"meta":{}},{"ancestorTitles":["mergeRouteModules"],"fullName":"mergeRouteModules should handle modules with no default export","status":"passed","title":"should handle modules with no default export","duration":0.32920000000012806,"failureMessages":[],"meta":{}}],"startTime":1785761270937,"endTime":1785761270942.4307,"status":"passed","message":"","name":"D:/Code/ydsz/ydsz-pmis/ydsz-frontend/comm/utils/src/helpers/__tests__/merge-route-modules.test.ts"},{"assertionResults":[{"ancestorTitles":["fileDownloader"],"fullName":"fileDownloader should create an instance of FileDownloader","status":"passed","title":"should create an instance of FileDownloader","duration":1.710700000000088,"failureMessages":[],"meta":{}},{"ancestorTitles":["fileDownloader"],"fullName":"fileDownloader should download a file and return a Blob","status":"passed","title":"should download a file and return a Blob","duration":2.5972999999999047,"failureMessages":[],"meta":{}},{"ancestorTitles":["fileDownloader"],"fullName":"fileDownloader should merge provided config with default config","status":"passed","title":"should merge provided config with default config","duration":0.7606000000000677,"failureMessages":[],"meta":{}},{"ancestorTitles":["fileDownloader"],"fullName":"fileDownloader should handle errors gracefully","status":"passed","title":"should handle errors gracefully","duration":1.58620000000019,"failureMessages":[],"meta":{}},{"ancestorTitles":["fileDownloader"],"fullName":"fileDownloader should handle empty URL gracefully","status":"passed","title":"should handle empty URL gracefully","duration":0.36409999999978027,"failureMessages":[],"meta":{}},{"ancestorTitles":["fileDownloader"],"fullName":"fileDownloader should handle null URL gracefully","status":"passed","title":"should handle null URL gracefully","duration":0.3077999999995882,"failureMessages":[],"meta":{}}],"startTime":1785761271684,"endTime":1785761271691.364,"status":"passed","message":"","name":"D:/Code/ydsz/ydsz-pmis/ydsz-frontend/comm/effects/request/src/request-client/modules/downloader.test.ts"},{"assertionResults":[{"ancestorTitles":["fileUploader"],"fullName":"fileUploader should create an instance of FileUploader","status":"passed","title":"should create an instance of FileUploader","duration":5.21369999999979,"failureMessages":[],"meta":{}},{"ancestorTitles":["fileUploader"],"fullName":"fileUploader should upload a file and return the response","status":"passed","title":"should upload a file and return the response","duration":14.797999999999774,"failureMessages":[],"meta":{}},{"ancestorTitles":["fileUploader"],"fullName":"fileUploader should merge provided config with default config","status":"passed","title":"should merge provided config with default config","duration":1.7028000000000247,"failureMessages":[],"meta":{}},{"ancestorTitles":["fileUploader"],"fullName":"fileUploader should handle errors gracefully","status":"passed","title":"should handle errors gracefully","duration":6.604600000000119,"failureMessages":[],"meta":{}},{"ancestorTitles":["fileUploader"],"fullName":"fileUploader should handle empty URL gracefully","status":"passed","title":"should handle empty URL gracefully","duration":1.2199999999998,"failureMessages":[],"meta":{}},{"ancestorTitles":["fileUploader"],"fullName":"fileUploader should handle null URL gracefully","status":"passed","title":"should handle null URL gracefully","duration":0.743199999999888,"failureMessages":[],"meta":{}}],"startTime":1785761273294,"endTime":1785761273324.7432,"status":"passed","message":"","name":"D:/Code/ydsz/ydsz-pmis/ydsz-frontend/comm/effects/request/src/request-client/modules/uploader.test.ts"},{"assertionResults":[{"ancestorTitles":["broadcast-channel","BroadcastChannelManager - 基础订阅"],"fullName":"broadcast-channel BroadcastChannelManager - 基础订阅 on/once 订阅应能收到 postMessage","status":"passed","title":"on/once 订阅应能收到 postMessage","duration":7.42470000000003,"failureMessages":[],"meta":{}},{"ancestorTitles":["broadcast-channel","BroadcastChannelManager - 基础订阅"],"fullName":"broadcast-channel BroadcastChannelManager - 基础订阅 on 返回的 unsubscribe 应能取消订阅","status":"passed","title":"on 返回的 unsubscribe 应能取消订阅","duration":0.5928000000001248,"failureMessages":[],"meta":{}},{"ancestorTitles":["broadcast-channel","BroadcastChannelManager - 基础订阅"],"fullName":"broadcast-channel BroadcastChannelManager - 基础订阅 close 应清理所有监听器","status":"passed","title":"close 应清理所有监听器","duration":0.346599999999853,"failureMessages":[],"meta":{}},{"ancestorTitles":["broadcast-channel","跨实例去重（origin）"],"fullName":"broadcast-channel 跨实例去重（origin） 默认 echo=false 时接收端跳过自身发送的消息","status":"passed","title":"默认 echo=false 时接收端跳过自身发送的消息","duration":0.33159999999998035,"failureMessages":[],"meta":{}},{"ancestorTitles":["broadcast-channel","跨实例去重（origin）"],"fullName":"broadcast-channel 跨实例去重（origin） echo=true 时接收端可收到自身发送的消息","status":"passed","title":"echo=true 时接收端可收到自身发送的消息","duration":0.2764999999999418,"failureMessages":[],"meta":{}},{"ancestorTitles":["broadcast-channel","跨实例去重（origin）"],"fullName":"broadcast-channel 跨实例去重（origin） postMessage options.echo 覆盖构造期 echo 设置","status":"passed","title":"postMessage options.echo 覆盖构造期 echo 设置","duration":0.34199999999987085,"failureMessages":[],"meta":{}},{"ancestorTitles":["broadcast-channel","版本兼容性"],"fullName":"broadcast-channel 版本兼容性 版本不匹配的消息应被丢弃并告警","status":"passed","title":"版本不匹配的消息应被丢弃并告警","duration":0.8768999999999778,"failureMessages":[],"meta":{}},{"ancestorTitles":["broadcast-channel","版本兼容性"],"fullName":"broadcast-channel 版本兼容性 未指定 version 的消息（v=undefined）应被接受","status":"passed","title":"未指定 version 的消息（v=undefined）应被接受","duration":0.40049999999996544,"failureMessages":[],"meta":{}},{"ancestorTitles":["broadcast-channel","共享通道注册表"],"fullName":"broadcast-channel 共享通道注册表 同名 channel 多次获取返回同一实例","status":"passed","title":"同名 channel 多次获取返回同一实例","duration":0.3813999999999851,"failureMessages":[],"meta":{}},{"ancestorTitles":["broadcast-channel","共享通道注册表"],"fullName":"broadcast-channel 共享通道注册表 releaseSharedBroadcastChannel 关闭实例后下次获取为新实例","status":"passed","title":"releaseSharedBroadcastChannel 关闭实例后下次获取为新实例","duration":0.7278999999998632,"failureMessages":[],"meta":{}},{"ancestorTitles":["broadcast-channel","localStorage 兜底"],"fullName":"broadcast-channel localStorage 兜底 BroadcastChannel 不可用时走 storage 事件","status":"passed","title":"BroadcastChannel 不可用时走 storage 事件","duration":0.862999999999829,"failureMessages":[],"meta":{}},{"ancestorTitles":["broadcast-channel","localStorage 兜底"],"fullName":"broadcast-channel localStorage 兜底 isBroadcastChannelSupported 反映当前环境能力","status":"passed","title":"isBroadcastChannelSupported 反映当前环境能力","duration":0.1979999999998654,"failureMessages":[],"meta":{}},{"ancestorTitles":["broadcast-channel","JSON 序列化失败"],"fullName":"broadcast-channel JSON 序列化失败 payload 含循环引用时应告警且不抛错","status":"passed","title":"payload 含循环引用时应告警且不抛错","duration":0.7410999999999603,"failureMessages":[],"meta":{}}],"startTime":1785761266899,"endTime":1785761266912.7412,"status":"passed","message":"","name":"D:/Code/ydsz/ydsz-pmis/ydsz-frontend/comm/@core/base/shared/src/cache/__tests__/broadcast-channel.test.ts"},{"assertionResults":[{"ancestorTitles":["storageManager"],"fullName":"storageManager should set and get an item","status":"passed","title":"should set and get an item","duration":4.086999999999989,"failureMessages":[],"meta":{}},{"ancestorTitles":["storageManager"],"fullName":"storageManager should return default value if item does not exist","status":"passed","title":"should return default value if item does not exist","duration":0.33989999999994325,"failureMessages":[],"meta":{}},{"ancestorTitles":["storageManager"],"fullName":"storageManager should remove an item","status":"passed","title":"should remove an item","duration":0.2575000000001637,"failureMessages":[],"meta":{}},{"ancestorTitles":["storageManager"],"fullName":"storageManager should clear all items with the prefix","status":"passed","title":"should clear all items with the prefix","duration":0.40659999999979846,"failureMessages":[],"meta":{}},{"ancestorTitles":["storageManager"],"fullName":"storageManager should clear expired items","status":"passed","title":"should clear expired items","duration":0.6010999999998603,"failureMessages":[],"meta":{}},{"ancestorTitles":["storageManager"],"fullName":"storageManager should not clear non-expired items","status":"passed","title":"should not clear non-expired items","duration":0.2661999999997988,"failureMessages":[],"meta":{}},{"ancestorTitles":["storageManager"],"fullName":"storageManager should handle JSON parse errors gracefully","status":"passed","title":"should handle JSON parse errors gracefully","duration":0.18039999999996326,"failureMessages":[],"meta":{}},{"ancestorTitles":["storageManager"],"fullName":"storageManager should return null for non-existent items without default value","status":"passed","title":"should return null for non-existent items without default value","duration":0.13099999999985812,"failureMessages":[],"meta":{}},{"ancestorTitles":["storageManager"],"fullName":"storageManager should overwrite existing items","status":"passed","title":"should overwrite existing items","duration":0.2062999999998283,"failureMessages":[],"meta":{}},{"ancestorTitles":["storageManager"],"fullName":"storageManager should handle items without expiry correctly","status":"passed","title":"should handle items without expiry correctly","duration":0.2313000000001466,"failureMessages":[],"meta":{}},{"ancestorTitles":["storageManager"],"fullName":"storageManager should remove expired items when accessed","status":"passed","title":"should remove expired items when accessed","duration":0.16689999999994143,"failureMessages":[],"meta":{}},{"ancestorTitles":["storageManager"],"fullName":"storageManager should not remove non-expired items when accessed","status":"passed","title":"should not remove non-expired items when accessed","duration":0.1529000000000451,"failureMessages":[],"meta":{}},{"ancestorTitles":["storageManager"],"fullName":"storageManager should handle multiple items with different expiry times","status":"passed","title":"should handle multiple items with different expiry times","duration":0.20080000000007203,"failureMessages":[],"meta":{}},{"ancestorTitles":["storageManager"],"fullName":"storageManager should handle items with no expiry","status":"passed","title":"should handle items with no expiry","duration":0.14979999999991378,"failureMessages":[],"meta":{}},{"ancestorTitles":["storageManager"],"fullName":"storageManager should clear all items correctly","status":"passed","title":"should clear all items correctly","duration":0.27860000000009677,"failureMessages":[],"meta":{}}],"startTime":1785761271692,"endTime":1785761271700.2786,"status":"passed","message":"","name":"D:/Code/ydsz/ydsz-pmis/ydsz-frontend/comm/@core/base/shared/src/cache/__tests__/storage-manager.test.ts"},{"assertionResults":[{"ancestorTitles":["color conversion functions"],"fullName":"color conversion functions should correctly convert color to HSL format","status":"passed","title":"should correctly convert color to HSL format","duration":4.081200000000081,"failureMessages":[],"meta":{}},{"ancestorTitles":["color conversion functions"],"fullName":"color conversion functions should correctly convert color with alpha to HSL format","status":"passed","title":"should correctly convert color with alpha to HSL format","duration":0.8238999999998668,"failureMessages":[],"meta":{}},{"ancestorTitles":["color conversion functions"],"fullName":"color conversion functions should correctly convert color to HSL CSS variable format","status":"passed","title":"should correctly convert color to HSL CSS variable format","duration":1.126299999999901,"failureMessages":[],"meta":{}},{"ancestorTitles":["color conversion functions"],"fullName":"color conversion functions should correctly convert color with alpha to HSL CSS variable format","status":"passed","title":"should correctly convert color with alpha to HSL CSS variable format","duration":0.29359999999996944,"failureMessages":[],"meta":{}},{"ancestorTitles":["color conversion functions"],"fullName":"color conversion functions should correctly convert color to RGB CSS variable format","status":"passed","title":"should correctly convert color to RGB CSS variable format","duration":0.48179999999956635,"failureMessages":[],"meta":{}},{"ancestorTitles":["color conversion functions"],"fullName":"color conversion functions should correctly convert color with alpha to RGBA CSS variable format","status":"passed","title":"should correctly convert color with alpha to RGBA CSS variable format","duration":0.2685999999998785,"failureMessages":[],"meta":{}},{"ancestorTitles":["isValidColor"],"fullName":"isValidColor isValidColor function","status":"passed","title":"isValidColor function","duration":0.6129000000000815,"failureMessages":[],"meta":{}}],"startTime":1785761272285,"endTime":1785761272292.6128,"status":"passed","message":"","name":"D:/Code/ydsz/ydsz-pmis/ydsz-frontend/comm/@core/base/shared/src/color/__tests__/convert.test.ts"},{"assertionResults":[{"ancestorTitles":["diff function"],"fullName":"diff function should return an empty object when comparing identical objects","status":"passed","title":"should return an empty object when comparing identical objects","duration":1.9838999999999487,"failureMessages":[],"meta":{}},{"ancestorTitles":["diff function"],"fullName":"diff function should detect simple changes in primitive values","status":"passed","title":"should detect simple changes in primitive values","duration":0.453899999999976,"failureMessages":[],"meta":{}},{"ancestorTitles":["diff function"],"fullName":"diff function should detect nested object changes","status":"passed","title":"should detect nested object changes","duration":0.24509999999986576,"failureMessages":[],"meta":{}},{"ancestorTitles":["diff function"],"fullName":"diff function should handle array changes","status":"passed","title":"should handle array changes","duration":0.3566000000000713,"failureMessages":[],"meta":{}},{"ancestorTitles":["diff function"],"fullName":"diff function should handle added keys","status":"passed","title":"should handle added keys","duration":0.19889999999986685,"failureMessages":[],"meta":{}},{"ancestorTitles":["diff function"],"fullName":"diff function should handle removed keys","status":"passed","title":"should handle removed keys","duration":0.15810000000010405,"failureMessages":[],"meta":{}},{"ancestorTitles":["diff function"],"fullName":"diff function should handle boolean value changes","status":"passed","title":"should handle boolean value changes","duration":0.14220000000000255,"failureMessages":[],"meta":{}},{"ancestorTitles":["diff function"],"fullName":"diff function should handle null and undefined values","status":"passed","title":"should handle null and undefined values","duration":0.11619999999993524,"failureMessages":[],"meta":{}}],"startTime":1785761271999,"endTime":1785761272003.1162,"status":"passed","message":"","name":"D:/Code/ydsz/ydsz-pmis/ydsz-frontend/comm/@core/base/shared/src/utils/__tests__/diff.test.ts"},{"assertionResults":[{"ancestorTitles":["getElementVisibleRect"],"fullName":"getElementVisibleRect should return default rect if element is undefined","status":"passed","title":"should return default rect if element is undefined","duration":3.3596999999999753,"failureMessages":[],"meta":{}},{"ancestorTitles":["getElementVisibleRect"],"fullName":"getElementVisibleRect should return default rect if element is null","status":"passed","title":"should return default rect if element is null","duration":0.6354000000001179,"failureMessages":[],"meta":{}},{"ancestorTitles":["getElementVisibleRect"],"fullName":"getElementVisibleRect should return correct visible rect when element is fully visible","status":"passed","title":"should return correct visible rect when element is fully visible","duration":0.6804999999999382,"failureMessages":[],"meta":{}},{"ancestorTitles":["getElementVisibleRect"],"fullName":"getElementVisibleRect should return correct visible rect when element is partially off-screen at the top","status":"passed","title":"should return correct visible rect when element is partially off-screen at the top","duration":0.35750000000007276,"failureMessages":[],"meta":{}},{"ancestorTitles":["getElementVisibleRect"],"fullName":"getElementVisibleRect should return correct visible rect when element is partially off-screen at the right","status":"passed","title":"should return correct visible rect when element is partially off-screen at the right","duration":0.3552999999999429,"failureMessages":[],"meta":{}},{"ancestorTitles":["getElementVisibleRect"],"fullName":"getElementVisibleRect should return all zeros when element is completely off-screen","status":"passed","title":"should return all zeros when element is completely off-screen","duration":0.3322000000000571,"failureMessages":[],"meta":{}}],"startTime":1785761272705,"endTime":1785761272710.3574,"status":"passed","message":"","name":"D:/Code/ydsz/ydsz-pmis/ydsz-frontend/comm/@core/base/shared/src/utils/__tests__/dom.test.ts"},{"assertionResults":[{"ancestorTitles":["isHttpUrl"],"fullName":"isHttpUrl should return true when given 'http://example.com'","status":"passed","title":"should return true when given 'http://example.com'","duration":1.5914999999999964,"failureMessages":[],"meta":{}},{"ancestorTitles":["isHttpUrl"],"fullName":"isHttpUrl should return true when given 'https://example.com'","status":"passed","title":"should return true when given 'https://example.com'","duration":0.2581000000000131,"failureMessages":[],"meta":{}},{"ancestorTitles":["isHttpUrl"],"fullName":"isHttpUrl should return false when given 'ftp://example.com'","status":"passed","title":"should return false when given 'ftp://example.com'","duration":0.33539999999993597,"failureMessages":[],"meta":{}},{"ancestorTitles":["isHttpUrl"],"fullName":"isHttpUrl should return false when given 'example.com'","status":"passed","title":"should return false when given 'example.com'","duration":0.17279999999982465,"failureMessages":[],"meta":{}},{"ancestorTitles":["isUndefined"],"fullName":"isUndefined isUndefined should return true for undefined values","status":"passed","title":"isUndefined should return true for undefined values","duration":0.18699999999989814,"failureMessages":[],"meta":{}},{"ancestorTitles":["isUndefined"],"fullName":"isUndefined isUndefined should return false for null values","status":"passed","title":"isUndefined should return false for null values","duration":0.1351999999999407,"failureMessages":[],"meta":{}},{"ancestorTitles":["isUndefined"],"fullName":"isUndefined isUndefined should return false for defined values","stat
[...]
 should resolve when the script loads successfully","status":"passed","title":"should resolve when the script loads successfully","duration":2554.9478,"failureMessages":[],"meta":{}},{"ancestorTitles":["loadScript"],"fullName":"loadScript should not insert duplicate script and resolve immediately if already loaded","status":"passed","title":"should not insert duplicate script and resolve immediately if already loaded","duration":147.7478000000001,"failureMessages":[],"meta":{}},{"ancestorTitles":["loadScript"],"fullName":"loadScript should reject when the script fails to load","status":"passed","title":"should reject when the script fails to load","duration":115.15059999999994,"failureMessages":[],"meta":{}},{"ancestorTitles":["loadScript"],"fullName":"loadScript should handle multiple concurrent calls and only insert one script tag","status":"passed","title":"should handle multiple concurrent calls and only insert one script tag","duration":12.84060000000045,"failureMessages":[],"meta":{}}],"startTime":1785761273046,"endTime":1785761275877.8406,"status":"passed","message":"","name":"D:/Code/ydsz/ydsz-pmis/ydsz-frontend/comm/@core/base/shared/src/utils/__tests__/resources.test.ts"},{"assertionResults":[{"ancestorTitles":["stateHandler"],"fullName":"stateHandler should resolve when condition is set to true","status":"passed","title":"should resolve when condition is set to true","duration":15.62220000000002,"failureMessages":[],"meta":{}},{"ancestorTitles":["stateHandler"],"fullName":"stateHandler should resolve immediately if condition is already true","status":"passed","title":"should resolve immediately if condition is already true","duration":0.2503999999998996,"failureMessages":[],"meta":{}},{"ancestorTitles":["stateHandler"],"fullName":"stateHandler should reject when condition is set to false after waiting","status":"passed","title":"should reject when condition is set to false after waiting","duration":15.677199999999857,"failureMessages":[],"meta":{}},{"ancestorTitles":["stateHandler"],"fullName":"stateHandler should reset condition to false","status":"passed","title":"should reset condition to false","duration":0.2460000000000946,"failureMessages":[],"meta":{}},{"ancestorTitles":["stateHandler"],"fullName":"stateHandler should resolve when condition is set to true after reset","status":"passed","title":"should resolve when condition is set to true after reset","duration":14.313199999999824,"failureMessages":[],"meta":{}}],"startTime":1785761273369,"endTime":1785761273415.3132,"status":"passed","message":"","name":"D:/Code/ydsz/ydsz-pmis/ydsz-frontend/comm/@core/base/shared/src/utils/__tests__/state-handler.test.ts"},{"assertionResults":[{"ancestorTitles":["traverseTreeValues"],"fullName":"traverseTreeValues traverses tree and returns all node values","status":"passed","title":"traverses tree and returns all node values","duration":3.430499999999938,"failureMessages":[],"meta":{}},{"ancestorTitles":["traverseTreeValues"],"fullName":"traverseTreeValues handles empty tree","status":"passed","title":"handles empty tree","duration":0.41079999999988104,"failureMessages":[],"meta":{}},{"ancestorTitles":["traverseTreeValues"],"fullName":"traverseTreeValues handles tree with only root node","status":"passed","title":"handles tree with only root node","duration":0.33539999999993597,"failureMessages":[],"meta":{}},{"ancestorTitles":["traverseTreeValues"],"fullName":"traverseTreeValues handles tree with only leaf nodes","status":"passed","title":"handles tree with only leaf nodes","duration":0.2807999999999993,"failureMessages":[],"meta":{}},{"ancestorTitles":["filterTree"],"fullName":"filterTree should return all nodes when condition is always true","status":"passed","title":"should return all nodes when condition is always true","duration":0.4737999999999829,"failureMessages":[],"meta":{}},{"ancestorTitles":["filterTree"],"fullName":"filterTree should return only root nodes when condition is always false","status":"passed","title":"should return only root nodes when condition is always false","duration":0.29120000000011714,"failureMessages":[],"meta":{}},{"ancestorTitles":["filterTree"],"fullName":"filterTree should return nodes with even id values","status":"passed","title":"should return nodes with even id values","duration":0.2722999999998592,"failureMessages":[],"meta":{}},{"ancestorTitles":["filterTree"],"fullName":"filterTree should return nodes with odd id values and their ancestors","status":"passed","title":"should return nodes with odd id values and their ancestors","duration":0.25310000000013133,"failureMessages":[],"meta":{}},{"ancestorTitles":["filterTree"],"fullName":"filterTree should return nodes with \"leaf\" in their name","status":"passed","title":"should return nodes with \"leaf\" in their name","duration":0.33009999999990214,"failureMessages":[],"meta":{}},{"ancestorTitles":["mapTree"],"fullName":"mapTree map infinite depth tree using mapTree","status":"passed","title":"map infinite depth tree using mapTree","duration":0.5490000000002055,"failureMessages":[],"meta":{}}],"startTime":1785761273390,"endTime":1785761273397.549,"status":"passed","message":"","name":"D:/Code/ydsz/ydsz-pmis/ydsz-frontend/comm/@core/base/shared/src/utils/__tests__/tree.test.ts"},{"assertionResults":[{"ancestorTitles":["uniqueByField"],"fullName":"uniqueByField should return an array with unique items based on id field","status":"passed","title":"should return an array with unique items based on id field","duration":3.1205999999997402,"failureMessages":[],"meta":{}},{"ancestorTitles":["uniqueByField"],"fullName":"uniqueByField should return an empty array when input array is empty","status":"passed","title":"should return an empty array when input array is empty","duration":0.25,"failureMessages":[],"meta":{}},{"ancestorTitles":["uniqueByField"],"fullName":"uniqueByField should handle arrays with only one item correctly","status":"passed","title":"should handle arrays with only one item correctly","duration":0.3384000000000924,"failureMessages":[],"meta":{}},{"ancestorTitles":["uniqueByField"],"fullName":"uniqueByField should preserve the order of the first occurrence of each item","status":"passed","title":"should preserve the order of the first occurrence of each item","duration":0.18309999999974025,"failureMessages":[],"meta":{}}],"startTime":1785761273941,"endTime":1785761273944.3384,"status":"passed","message":"","name":"D:/Code/ydsz/ydsz-pmis/ydsz-frontend/comm/@core/base/shared/src/utils/__tests__/unique.test.ts"},{"assertionResults":[{"ancestorTitles":[],"fullName":"updateCSSVariables should update CSS variables in :root selector","status":"passed","title":"updateCSSVariables should update CSS variables in :root selector","duration":9.0154,"failureMessages":[],"meta":{}}],"startTime":1785761273972,"endTime":1785761273981.0154,"status":"passed","message":"","name":"D:/Code/ydsz/ydsz-pmis/ydsz-frontend/comm/@core/base/shared/src/utils/__tests__/update-css-variables.test.ts"},{"assertionResults":[{"ancestorTitles":["bindMethods"],"fullName":"bindMethods should bind methods to the instance correctly","status":"passed","title":"should bind methods to the instance correctly","duration":1.779700000000048,"failureMessages":[],"meta":{}},{"ancestorTitles":["bindMethods"],"fullName":"bindMethods should bind multiple methods","status":"passed","title":"should bind multiple methods","duration":0.2536999999999807,"failureMessages":[],"meta":{}},{"ancestorTitles":["bindMethods"],"fullName":"bindMethods should not bind non-function properties","status":"passed","title":"should not bind non-function properties","duration":0.16210000000000946,"failureMessages":[],"meta":{}},{"ancestorTitles":["bindMethods"],"fullName":"bindMethods should not bind constructor method","status":"passed","title":"should not bind constructor method","duration":0.16300000000001091,"failureMessages":[],"meta":{}},{"ancestorTitles":["bindMethods"],"fullName":"bindMethods should not bind getter/setter properties","status":"passed","title":"should not bind getter/setter properties","duration":0.22499999999990905,"failureMessages":[],"meta":{}},{"ancestorTitles":["getNestedValue"],"fullName":"getNestedValue should get a nested value when the path is valid","status":"passed","title":"should get a nested value when the path is valid","duration":0.27899999999999636,"failureMessages":[],"meta":{}},{"ancestorTitles":["getNestedValue"],"fullName":"getNestedValue should return undefined for non-existent property","status":"passed","title":"should return undefined for non-existent property","duration":0.14079999999989923,"failureMessages":[],"meta":{}},{"ancestorTitles":["getNestedValue"],"fullName":"getNestedValue should return undefined when accessing a non-existent deep path","status":"passed","title":"should return undefined when accessing a non-existent deep path","duration":0.0986000000000331,"failureMessages":[],"meta":{}},{"ancestorTitles":["getNestedValue"],"fullName":"getNestedValue should return undefined if a middle level is undefined","status":"passed","title":"should return undefined if a middle level is undefined","duration":0.11580000000003565,"failureMessages":[],"meta":{}},{"ancestorTitles":["getNestedValue"],"fullName":"getNestedValue should return the correct value for a nested setting","status":"passed","title":"should return the correct value for a nested setting","duration":0.13840000000004693,"failureMessages":[],"meta":{}},{"ancestorTitles":["getNestedValue"],"fullName":"getNestedValue should work for a single-level path","status":"passed","title":"should work for a single-level path","duration":0.15610000000015134,"failureMessages":[],"meta":{}},{"ancestorTitles":["getNestedValue"],"fullName":"getNestedValue should return the entire object if path is empty","status":"passed","title":"should return the entire object if path is empty","duration":0.9479000000001179,"failureMessages":[],"meta":{}},{"ancestorTitles":["getNestedValue"],"fullName":"getNestedValue should handle paths with array indexes","status":"passed","title":"should handle paths with array indexes","duration":0.17219999999997526,"failureMessages":[],"meta":{}},{"ancestorTitles":["getNestedValue"],"fullName":"getNestedValue should return undefined when accessing an out-of-bounds array index","status":"passed","title":"should return undefined when accessing an out-of-bounds array index","duration":0.10210000000006403,"failureMessages":[],"meta":{}}],"startTime":1785761274216,"endTime":1785761274222.102,"status":"passed","message":"","name":"D:/Code/ydsz/ydsz-pmis/ydsz-frontend/comm/@core/base/shared/src/utils/__tests__/util.test.ts"},{"assertionResults":[{"ancestorTitles":["openWindow"],"fullName":"openWindow should call window.open with correct arguments","status":"passed","title":"should call window.open with correct arguments","duration":2.0779999999999745,"failureMessages":[],"meta":{}}],"startTime":1785761274351,"endTime":1785761274353.078,"status":"passed","message":"","name":"D:/Code/ydsz/ydsz-pmis/ydsz-frontend/comm/@core/base/shared/src/utils/__tests__/window.test.ts"},{"assertionResults":[{"ancestorTitles":["drawerApi"],"fullName":"drawerApi should initialize with default state","status":"passed","title":"should initialize with default state","duration":1.190599999999904,"failureMessages":[],"meta":{}},{"ancestorTitles":["drawerApi"],"fullName":"drawerApi should open the drawer","status":"passed","title":"should open the drawer","duration":0.1971000000000913,"failureMessages":[],"meta":{}},{"ancestorTitles":["drawerApi"],"fullName":"drawerApi should close the drawer if onBeforeClose allows it","status":"passed","title":"should close the drawer if onBeforeClose allows it","duration":0.13390000000003965,"failureMessages":[],"meta":{}},{"ancestorTitles":["drawerApi"],"fullName":"drawerApi should not close the drawer if onBeforeClose returns false","status":"passed","title":"should not close the drawer if onBeforeClose returns false","duration":0.8223000000000411,"failureMessages":[],"meta":{}},{"ancestorTitles":["drawerApi"],"fullName":"drawerApi should trigger onCancel and keep drawer open if onCancel is provided","status":"passed","title":"should trigger onCancel and keep drawer open if onCancel is provided","duration":0.31989999999996144,"failureMessages":[],"meta":{}},{"ancestorTitles":["drawerApi"],"fullName":"drawerApi should update shared data correctly","status":"passed","title":"should update shared data correctly","duration":0.46679999999992106,"failureMessages":[],"meta":{}},{"ancestorTitles":["drawerApi"],"fullName":"drawerApi should set state correctly using an object","status":"passed","title":"should set state correctly using an object","duration":0.1673000000000684,"failureMessages":[],"meta":{}},{"ancestorTitles":["drawerApi"],"fullName":"drawerApi should set state correctly using a function","status":"passed","title":"should set state correctly using a function","duration":0.11120000000005348,"failureMessages":[],"meta":{}},{"ancestorTitles":["drawerApi"],"fullName":"drawerApi should call onOpenChange when state changes","status":"passed","title":"should call onOpenChange when state changes","duration":0.5015000000000782,"failureMessages":[],"meta":{}},{"ancestorTitles":["drawerApi"],"fullName":"drawerApi should call onClosed callback when provided","status":"passed","title":"should call onClosed callback when provided","duration":0.18669999999997344,"failureMessages":[],"meta":{}},{"ancestorTitles":["drawerApi"],"fullName":"drawerApi should call onOpened callback when provided","status":"passed","title":"should call onOpened callback when provided","duration":0.13510000000019318,"failureMessages":[],"meta":{}}],"startTime":1785761274505,"endTime":1785761274509.1868,"status":"passed","message":"","name":"D:/Code/ydsz/ydsz-pmis/ydsz-frontend/comm/@core/ui-kit/popup-ui/src/drawer/__tests__/drawer-api.test.ts"},{"assertionResults":[{"ancestorTitles":["modalApi"],"fullName":"modalApi should initialize with default state","status":"passed","title":"should initialize with default state","duration":1.2269000000001142,"failureMessages":[],"meta":{}},{"ancestorTitles":["modalApi"],"fullName":"modalApi should open the modal","status":"passed","title":"should open the modal","duration":0.19119999999998072,"failureMessages":[],"meta":{}},{"ancestorTitles":["modalApi"],"fullName":"modalApi should close the modal if onBeforeClose allows it","status":"passed","title":"should close the modal if onBeforeClose allows it","duration":0.1553999999998723,"failureMessages":[],"meta":{}},{"ancestorTitles":["modalApi"],"fullName":"modalApi should not close the modal if onBeforeClose returns false","status":"passed","title":"should not close the modal if onBeforeClose returns false","duration":0.8260999999999967,"failureMessages":[],"meta":{}},{"ancestorTitles":["modalApi"],"fullName":"modalApi should trigger onCancel and close the modal if no onCancel hook is provided","status":"passed","title":"should trigger onCancel and close the modal if no onCancel hook is provided","duration":0.2823000000000775,"failureMessages":[],"meta":{}},{"ancestorTitles":["modalApi"],"fullName":"modalApi should update shared data correctly","status":"passed","title":"should update shared data correctly","duration":0.47630000000003747,"failureMessages":[],"meta":{}},{"ancestorTitles":["modalApi"],"fullName":"modalApi should set state correctly using an object","status":"passed","title":"should set state correctly using an object","duration":0.17029999999999745,"failureMessages":[],"meta":{}},{"ancestorTitles":["modalApi"],"fullName":"modalApi should set state correctly using a function","status":"passed","title":"should set state correctly using a function","duration":0.12000000000011823,"failureMessages":[],"meta":{}},{"ancestorTitles":["modalApi"],"fullName":"modalApi should call onOpenChange when state changes","status":"passed","title":"should call onOpenChange when state changes","duration":0.510300000000143,"failureMessages":[],"meta":{}},{"ancestorTitles":["modalApi"],"fullName":"modalApi should call onClosed callback when provided","status":"passed","title":"should call onClosed callback when provided","duration":0.20700000000010732,"failureMessages":[],"meta":{}},{"ancestorTitles":["modalApi"],"fullName":"modalApi should call onOpened callback when provided","status":"passed","title":"should call onOpened callback when provided","duration":0.14049999999997453,"failureMessages":[],"meta":{}}],"startTime":1785761274506,"endTime":1785761274510.207,"status":"passed","message":"","name":"D:/Code/ydsz/ydsz-pmis/ydsz-frontend/comm/@core/ui-kit/popup-ui/src/modal/__tests__/modal-api.test.ts"},{"assertionResults":[],"startTime":1785761264896,"endTime":1785761264896,"status":"failed","message":"Failed to resolve import \"./ydsz\" from \"comm/@core/base/shared/src/constants/index.ts\". Does the file exist?","name":"D:/Code/ydsz/ydsz-pmis/ydsz-frontend/comm/effects/common-ui/src/components/page/__tests__/page.test.ts"},{"assertionResults":[{"ancestorTitles":["watermark directive: E3 敏感页面水印","mounted"],"fullName":"watermark directive: E3 敏感页面水印 mounted 字符串绑定值应创建水印实例","status":"passed","title":"字符串绑定值应创建水印实例","duration":1.8290999999999258,"failureMessages":[],"meta":{}},{"ancestorTitles":["watermark directive: E3 敏感页面水印","mounted"],"fullName":"watermark directive: E3 敏感页面水印 mounted 对象绑定值应合并选项","status":"passed","title":"对象绑定值应合并选项","duration":0.4575000000002092,"failureMessages":[],"meta":{}},{"ancestorTitles":["watermark directive: E3 敏感页面水印","mounted"],"fullName":"watermark directive: E3 敏感页面水印 mounted content 为空字符串时应跳过创建","status":"passed","title":"content 为空字符串时应跳过创建","duration":0.3108999999999469,"failureMessages":[],"meta":{}},{"ancestorTitles":["watermark directive: E3 敏感页面水印","updated"],"fullName":"watermark directive: E3 敏感页面水印 updated 值未变化时应跳过更新","status":"passed","title":"值未变化时应跳过更新","duration":0.23279999999999745,"failureMessages":[],"meta":{}},{"ancestorTitles":["watermark directive: E3 敏感页面水印","updated"],"fullName":"watermark directive: E3 敏感页面水印 updated 值变化时应调用 changeOptions","status":"passed","title":"值变化时应调用 changeOptions","duration":0.4057000000000244,"failureMessages":[],"meta":{}},{"ancestorTitles":["watermark directive: E3 敏感页面水印","updated"],"fullName":"watermark directive: E3 敏感页面水印 updated 内容清空时应销毁实例","status":"passed","title":"内容清空时应销毁实例","duration":0.4188000000001466,"failureMessages":[],"meta":{}},{"ancestorTitles":["watermark directive: E3 敏感页面水印","unmounted"],"fullName":"watermark directive: E3 敏感页面水印 unmounted 有实例时应调用 destroy","status":"passed","title":"有实例时应调用 destroy","duration":0.34930000000008476,"failureMessages":[],"meta":{}},{"ancestorTitles":["watermark directive: E3 敏感页面水印","unmounted"],"fullName":"watermark directive: E3 敏感页面水印 unmounted 无实例时不应抛错","status":"passed","title":"无实例时不应抛错","duration":0.5785000000000764,"failureMessages":[],"meta":{}},{"ancestorTitles":["watermark directive: E3 敏感页面水印","registerWatermarkDirective"],"fullName":"watermark directive: E3 敏感页面水印 registerWatermarkDirective 应注册 v-watermark 指令","status":"passed","title":"应注册 v-watermark 指令","duration":7.033500000000004,"failureMessages":[],"meta":{}},{"ancestorTitles":["watermark directive: E3 敏感页面水印","registerWatermarkDirective"],"fullName":"watermark directive: E3 敏感页面水印 registerWatermarkDirective 传入 false 时不应注册","status":"passed","title":"传入 false 时不应注册","duration":0.3485000000000582,"failureMessages":[],"meta":{}},{"ancestorTitles":["watermark directive: E3 敏感页面水印","registerWatermarkDirective"],"fullName":"watermark directive: E3 敏感页面水印 registerWatermarkDirective 传入自定义名称时应注册为指定名称","status":"passed","title":"传入自定义名称时应注册为指定名称","duration":0.18080000000009022,"failureMessages":[],"meta":{}}],"startTime":1785761274492,"endTime":1785761274505.181,"status":"passed","message":"","name":"D:/Code/ydsz/ydsz-pmis/ydsz-frontend/comm/effects/common-ui/src/components/watermark/__tests__/directive.test.ts"}]}