{"numTotalTestSuites":27,"numPassedTestSuites":20,"numFailedTestSuites":7,"numPendingTestSuites":0,"numTotalTests":42,"numPassedTests":38,"numFailedTests":4,"numPendingTests":0,"numTodoTests":0,"snapshot":{"added":0,"failure":false,"filesAdded":0,"filesRemoved":0,"filesRemovedList":[],"filesUnmatched":0,"filesUpdated":0,"matched":0,"total":0,"unchecked":0,"uncheckedKeysByFile":[],"unmatched":0,"updated":0,"didUpdate":false},"startTime":1785811792407,"success":false,"testResults":[{"assertionResults":[{"ancestorTitles":["error-boundary","markDegraded / isDegraded / clearDegraded"],"fullName":"error-boundary markDegraded / isDegraded / clearDegraded 应正确标记降级","status":"passed","title":"应正确标记降级","duration":1.786100000000033,"failureMessages":[],"meta":{}},{"ancestorTitles":["error-boundary","markDegraded / isDegraded / clearDegraded"],"fullName":"error-boundary markDegraded / isDegraded / clearDegraded clearDegraded 应清空所有标记","status":"passed","title":"clearDegraded 应清空所有标记","duration":0.3269000000000233,"failureMessages":[],"meta":{}},{"ancestorTitles":["error-boundary","renderErrorFallback"],"fullName":"error-boundary renderErrorFallback 应渲染降级 UI 到容器","status":"failed","title":"应渲染降级 UI 到容器","duration":3.8232000000000426,"failureMessages":["TypeError: Cannot create property 'innerHTML' on string '#test-container'\n    at renderErrorFallback (D:\\Code\\ydsz\\ydsz-pmis\\ydsz-frontend\\comm\\effects\\micro-kernel\\src\\error-boundary.ts:165:6)\n    at D:\\Code\\ydsz\\ydsz-pmis\\ydsz-frontend\\comm\\effects\\micro-kernel\\__tests__\\error-boundary.test.ts:41:7\n    at file:///D:/Code/ydsz/ydsz-pmis/ydsz-frontend/node_modules/.pnpm/@vitest+runner@3.2.7/node_modules/@vitest/runner/dist/chunk-hooks.js:155:11\n    at file:///D:/Code/ydsz/ydsz-pmis/ydsz-frontend/node_modules/.pnpm/@vitest+runner@3.2.7/node_modules/@vitest/runner/dist/chunk-hooks.js:752:26\n    at file:///D:/Code/ydsz/ydsz-pmis/ydsz-frontend/node_modules/.pnpm/@vitest+runner@3.2.7/node_modules/@vitest/runner/dist/chunk-hooks.js:1897:20\n    at new Promise (<anonymous>)\n    at runWithTimeout (file:///D:/Code/ydsz/ydsz-pmis/ydsz-frontend/node_modules/.pnpm/@vitest+runner@3.2.7/node_modules/@vitest/runner/dist/chunk-hooks.js:1863:10)\n    at runTest (file:///D:/Code/ydsz/ydsz-pmis/ydsz-frontend/node_modules/.pnpm/@vitest+runner@3.2.7/node_modules/@vitest/runner/dist/chunk-hooks.js:1574:12)\n    at processTicksAndRejections (node:internal/process/task_queues:104:5)\n    at runSuite (file:///D:/Code/ydsz/ydsz-pmis/ydsz-frontend/node_modules/.pnpm/@vitest+runner@3.2.7/node_modules/@vitest/runner/dist/chunk-hooks.js:1729:8)"],"meta":{}},{"ancestorTitles":["error-boundary","renderErrorFallback"],"fullName":"error-boundary renderErrorFallback 容器不存在时应静默跳过","status":"failed","title":"容器不存在时应静默跳过","duration":4.052200000000084,"failureMessages":["AssertionError: expected [Function] to not throw an error but 'TypeError: Cannot create property \\'i…' was thrown\n    at Proxy.<anonymous> (file:///D:/Code/ydsz/ydsz-pmis/ydsz-frontend/node_modules/.pnpm/@vitest+expect@3.2.7/node_modules/@vitest/expect/dist/index.js:1420:16)\n    at Proxy.<anonymous> (file:///D:/Code/ydsz/ydsz-pmis/ydsz-frontend/node_modules/.pnpm/@vitest+expect@3.2.7/node_modules/@vitest/expect/dist/index.js:1029:14)\n    at Proxy.methodWrapper (file:///D:/Code/ydsz/ydsz-pmis/ydsz-frontend/node_modules/.pnpm/chai@5.3.3/node_modules/chai/index.js:1686:25)\n    at D:\\Code\\ydsz\\ydsz-pmis\\ydsz-frontend\\comm\\effects\\micro-kernel\\__tests__\\error-boundary.test.ts:55:14\n    at file:///D:/Code/ydsz/ydsz-pmis/ydsz-frontend/node_modules/.pnpm/@vitest+runner@3.2.7/node_modules/@vitest/runner/dist/chunk-hooks.js:155:11\n    at file:///D:/Code/ydsz/ydsz-pmis/ydsz-frontend/node_modules/.pnpm/@vitest+runner@3.2.7/node_modules/@vitest/runner/dist/chunk-hooks.js:752:26\n    at file:///D:/Code/ydsz/ydsz-pmis/ydsz-frontend/node_modules/.pnpm/@vitest+runner@3.2.7/node_modules/@vitest/runner/dist/chunk-hooks.js:1897:20\n    at new Promise (<anonymous>)\n    at runWithTimeout (file:///D:/Code/ydsz/ydsz-pmis/ydsz-frontend/node_modules/.pnpm/@vitest+runner@3.2.7/node_modules/@vitest/runner/dist/chunk-hooks.js:1863:10)\n    at runTest (file:///D:/Code/ydsz/ydsz-pmis/ydsz-frontend/node_modules/.pnpm/@vitest+runner@3.2.7/node_modules/@vitest/runner/dist/chunk-hooks.js:1574:12)"],"meta":{}}],"startTime":1785811794122,"endTime":1785811794132.0522,"status":"failed","message":"","name":"D:/Code/ydsz/ydsz-pmis/ydsz-frontend/comm/effects/micro-kernel/__tests__/error-boundary.test.ts"},{"assertionResults":[{"ancestorTitles":["kernel","globalState 通信"],"fullName":"kernel globalState 通信 setGlobalState 应通知已订阅的 listener","status":"passed","title":"setGlobalState 应通知已订阅的 listener","duration":65.40319999999997,"failureMessages":[],"meta":{}},{"ancestorTitles":["kernel","globalState 通信"],"fullName":"kernel globalState 通信 fireImmediately=true 时应立即以当前状态触发","status":"passed","title":"fireImmediately=true 时应立即以当前状态触发","duration":61.3762999999999,"failureMessages":[],"meta":{}},{"ancestorTitles":["kernel","globalState 通信"],"fullName":"kernel globalState 通信 getGlobalState 应返回快照而非引用","status":"passed","title":"getGlobalState 应返回快照而非引用","duration":53.25319999999988,"failureMessages":[],"meta":{}},{"ancestorTitles":["kernel","路由同步"],"fullName":"kernel 路由同步 navigateTo 应激活匹配 activeRule 的子应用","status":"passed","title":"navigateTo 应激活匹配 activeRule 的子应用","duration":53.99410000000012,"failureMessages":[],"meta":{}},{"ancestorTitles":["kernel","路由同步"],"fullName":"kernel 路由同步 路径不匹配任何子应用时应卸载当前活跃应用","status":"passed","title":"路径不匹配任何子应用时应卸载当前活跃应用","duration":54.412399999999934,"failureMessages":[],"meta":{}},{"ancestorTitles":["kernel","路由同步"],"fullName":"kernel 路由同步 history.pushState 补丁应派发路由变更事件","status":"passed","title":"history.pushState 补丁应派发路由变更事件","duration":62.444299999999885,"failureMessages":[],"meta":{}},{"ancestorTitles":["kernel","switchToken 竞态防护"],"fullName":"kernel switchToken 竞态防护 快速连续切换时，后到的切换应胜出","status":"passed","title":"快速连续切换时，后到的切换应胜出","duration":108.14279999999985,"failureMessages":[],"meta":{}},{"ancestorTitles":["kernel","生命周期钩子"],"fullName":"kernel 生命周期钩子 beforeLoad / afterMount / afterUnmount 应按序触发","status":"passed","title":"beforeLoad / afterMount / afterUnmount 应按序触发","duration":54.156299999999646,"failureMessages":[],"meta":{}},{"ancestorTitles":["kernel","生命周期钩子"],"fullName":"kernel 生命周期钩子 afterLoad / beforeMount 细化钩子应在加载与挂载之间触发（v3.3）","status":"passed","title":"afterLoad / beforeMount 细化钩子应在加载与挂载之间触发（v3.3）","duration":54.48480000000018,"failureMessages":[],"meta":{}},{"ancestorTitles":["kernel","生命周期钩子"],"fullName":"kernel 生命周期钩子 addLifecycleHook 返回的取消订阅函数应移除钩子","status":"passed","title":"addLifecycleHook 返回的取消订阅函数应移除钩子","duration":108.1583999999998,"failureMessages":[],"meta":{}},{"ancestorTitles":["kernel","生命周期钩子"],"fullName":"kernel 生命周期钩子 error 钩子应在加载/挂载失败时被触发","status":"passed","title":"error 钩子应在加载/挂载失败时被触发","duration":53.75889999999981,"failureMessages":[],"meta":{}},{"ancestorTitles":["kernel","_stop"],"fullName":"kernel _stop 应清理路由监听并卸载所有子应用","status":"passed","title":"应清理路由监听并卸载所有子应用","duration":109.57060000000001,"failureMessages":[],"meta":{}},{"ancestorTitles":["kernel","prefetch 预加载"],"fullName":"kernel prefetch 预加载 start 时应按 prefetch 过滤器预加载指定应用","status":"passed","title":"start 时应按 prefetch 过滤器预加载指定应用","duration":64.30060000000003,"failureMessages":[],"meta":{}},{"ancestorTitles":["kernel","prefetch 预加载","网络条件感知"],"fullName":"kernel prefetch 预加载 网络条件感知 saveData=true 时应跳过自动预加载","status":"passed","title":"saveData=true 时应跳过自动预加载","duration":60.79750000000013,"failureMessages":[],"meta":{}},{"ancestorTitles":["kernel","prefetch 预加载","网络条件感知"],"fullName":"kernel prefetch 预加载 网络条件感知 effectiveType=2g 时应跳过自动预加载","status":"passed","title":"effectiveType=2g 时应跳过自动预加载","duration":56.40610000000015,"failureMessages":[],"meta":{}},{"ancestorTitles":["kernel","prefetch 预加载","网络条件感知"],"fullName":"kernel prefetch 预加载 网络条件感知 effectiveType=3g 时应跳过自动预加载","status":"passed","title":"effectiveType=3g 时应跳过自动预加载","duration":53.28610000000026,"failureMessages":[],"meta":{}},{"ancestorTitles":["kernel","prefetch 预加载","网络条件感知"],"fullName":"kernel prefetch 预加载 网络条件感知 effectiveType=4g 时应正常预加载","status":"passed","title":"effectiveType=4g 时应正常预加载","duration":55.65090000000009,"failureMessages":[],"meta":{}},{"ancestorTitles":["kernel","prefetch 预加载","网络条件感知"],"fullName":"kernel prefetch 预加载 网络条件感知 浏览器不支持 Network Information API 时应正常预加载","status":"passed","title":"浏览器不支持 Network Information API 时应正常预加载","duration":63.05780000000004,"failureMessages":[],"meta":{}},{"ancestorTitles":["kernel","prefetch 预加载","网络条件感知"],"fullName":"kernel prefetch 预加载 网络条件感知 prefetchApp 手动预加载应忽略网络条件（即使 saveData=true）","status":"passed","title":"prefetchApp 手动预加载应忽略网络条件（即使 saveData=true）","duration":1.5148999999996704,"failureMessages":[],"meta":{}},{"ancestorTitles":["kernel","prefetch 预加载","网络条件感知"],"fullName":"kernel prefetch 预加载 网络条件感知 prefetchApp 未注册应用时应静默返回不抛错","status":"passed","title":"prefetchApp 未注册应用时应静默返回不抛错","duration":2.2117000000002918,"failureMessages":[],"meta":{}}],"startTime":1785811794150,"endTime":1785811795348.2117,"status":"passed","message":"","name":"D:/Code/ydsz/ydsz-pmis/ydsz-frontend/comm/effects/micro-kernel/__tests__/kernel.test.ts"},{"assertionResults":[],"startTime":1785811792407,"endTime":1785811792407,"status":"failed","message":"Missing \"./utils/retry\" specifier in \"@ydsz-core/shared\" package","name":"D:/Code/ydsz/ydsz-pmis/ydsz-frontend/comm/effects/micro-kernel/__tests__/loader.test.ts"},{"assertionResults":[{"ancestorTitles":["sandbox","enter / exit (window 快照恢复)"],"fullName":"sandbox enter / exit (window 快照恢复) 应恢复子应用新增的 window 全局变量","status":"passed","title":"应恢复子应用新增的 window 全局变量","duration":1.4377000000001772,"failureMessages":[],"meta":{}},{"ancestorTitles":["sandbox","enter / exit (window 快照恢复)"],"fullName":"sandbox enter / exit (window 快照恢复) 应还原被子应用修改的 window 属性","status":"passed","title":"应还原被子应用修改的 window 属性","duration":0.3244999999999436,"failureMessages":[],"meta":{}},{"ancestorTitles":["sandbox","事件监听清理"],"fullName":"sandbox 事件监听清理 应清除子应用注册的 window 事件监听","status":"passed","title":"应清除子应用注册的 window 事件监听","duration":0.821100000000115,"failureMessages":[],"meta":{}},{"ancestorTitles":["sandbox","定时器清理"],"fullName":"sandbox 定时器清理 应清除子应用创建的 setTimeout","status":"passed","title":"应清除子应用创建的 setTimeout","duration":1.436100000000124,"failureMessages":[],"meta":{}},{"ancestorTitles":["sandbox","定时器清理"],"fullName":"sandbox 定时器清理 应清除子应用创建的 setInterval","status":"passed","title":"应清除子应用创建的 setInterval","duration":0.5645999999999276,"failureMessages":[],"meta":{}},{"ancestorTitles":["sandbox","嵌套沙箱"],"fullName":"sandbox 嵌套沙箱 多次进入退出不应崩溃","status":"failed","title":"多次进入退出不应崩溃","duration":5.046900000000051,"failureMessages":["AssertionError: expected 'undefined' to be 'function' // Object.is equality\n    at D:\\Code\\ydsz\\ydsz-pmis\\ydsz-frontend\\comm\\effects\\micro-kernel\\__tests__\\sandbox.test.ts:112:40\n    at file:///D:/Code/ydsz/ydsz-pmis/ydsz-frontend/node_modules/.pnpm/@vitest+runner@3.2.7/node_modules/@vitest/runner/dist/chunk-hooks.js:155:11\n    at file:///D:/Code/ydsz/ydsz-pmis/ydsz-frontend/node_modules/.pnpm/@vitest+runner@3.2.7/node_modules/@vitest/runner/dist/chunk-hooks.js:752:26\n    at file:///D:/Code/ydsz/ydsz-pmis/ydsz-frontend/node_modules/.pnpm/@vitest+runner@3.2.7/node_modules/@vitest/runner/dist/chunk-hooks.js:1897:20\n    at new Promise (<anonymous>)\n    at runWithTimeout (file:///D:/Code/ydsz/ydsz-pmis/ydsz-frontend/node_modules/.pnpm/@vitest+runner@3.2.7/node_modules/@vitest/runner/dist/chunk-hooks.js:1863:10)\n    at runTest (file:///D:/Code/ydsz/ydsz-pmis/ydsz-frontend/node_modules/.pnpm/@vitest+runner@3.2.7/node_modules/@vitest/runner/dist/chunk-hooks.js:1574:12)\n    at processTicksAndRejections (node:internal/process/task_queues:104:5)\n    at runSuite (file:///D:/Code/ydsz/ydsz-pmis/ydsz-frontend/node_modules/.pnpm/@vitest+runner@3.2.7/node_modules/@vitest/runner/dist/chunk-hooks.js:1729:8)\n    at runSuite (file:///D:/Code/ydsz/ydsz-pmis/ydsz-frontend/node_modules/.pnpm/@vitest+runner@3.2.7/node_modules/@vitest/runner/dist/chunk-hooks.js:1729:8)"],"meta":{}},{"ancestorTitles":["sandbox","嵌套沙箱"],"fullName":"sandbox 嵌套沙箱 v3.1: 退出内层沙箱不应过早 restoreGlobals","status":"failed","title":"v3.1: 退出内层沙箱不应过早 restoreGlobals","duration":0.4956999999999425,"failureMessages":["AssertionError: expected undefined not to be undefined // Object.is equality\n    at D:\\Code\\ydsz\\ydsz-pmis\\ydsz-frontend\\comm\\effects\\micro-kernel\\__tests__\\sandbox.test.ts:123:37\n    at file:///D:/Code/ydsz/ydsz-pmis/ydsz-frontend/node_modules/.pnpm/@vitest+runner@3.2.7/node_modules/@vitest/runner/dist/chunk-hooks.js:155:11\n    at file:///D:/Code/ydsz/ydsz-pmis/ydsz-frontend/node_modules/.pnpm/@vitest+runner@3.2.7/node_modules/@vitest/runner/dist/chunk-hooks.js:752:26\n    at file:///D:/Code/ydsz/ydsz-pmis/ydsz-frontend/node_modules/.pnpm/@vitest+runner@3.2.7/node_modules/@vitest/runner/dist/chunk-hooks.js:1897:20\n    at new Promise (<anonymous>)\n    at runWithTimeout (file:///D:/Code/ydsz/ydsz-pmis/ydsz-frontend/node_modules/.pnpm/@vitest+runner@3.2.7/node_modules/@vitest/runner/dist/chunk-hooks.js:1863:10)\n    at runTest (file:///D:/Code/ydsz/ydsz-pmis/ydsz-frontend/node_modules/.pnpm/@vitest+runner@3.2.7/node_modules/@vitest/runner/dist/chunk-hooks.js:1574:12)\n    at processTicksAndRejections (node:internal/process/task_queues:104:5)\n    at runSuite (file:///D:/Code/ydsz/ydsz-pmis/ydsz-frontend/node_modules/.pnpm/@vitest+runner@3.2.7/node_modules/@vitest/runner/dist/chunk-hooks.js:1729:8)\n    at runSuite (file:///D:/Code/ydsz/ydsz-pmis/ydsz-frontend/node_modules/.pnpm/@vitest+runner@3.2.7/node_modules/@vitest/runner/dist/chunk-hooks.js:1729:8)"],"meta":{}},{"ancestorTitles":["sandbox","嵌套沙箱"],"fullName":"sandbox 嵌套沙箱 v3.1: 嵌套期间副作用记录到当前激活沙箱","status":"passed","title":"v3.1: 嵌套期间副作用记录到当前激活沙箱","duration":0.2360999999998512,"failureMessages":[],"meta":{}},{"ancestorTitles":["sandbox","嵌套沙箱"],"fullName":"sandbox 嵌套沙箱 v3.1: 非栈顶退出后仍能正确清理","status":"passed","title":"v3.1: 非栈顶退出后仍能正确清理","duration":0.13650000000006912,"failureMessages":[],"meta":{}}],"startTime":1785811793871,"endTime":1785811793882.236,"status":"failed","message":"","name":"D:/Code/ydsz/ydsz-pmis/ydsz-frontend/comm/effects/micro-kernel/__tests__/sandbox.test.ts"},{"assertionResults":[{"ancestorTitles":["scheduler","createAppInstance"],"fullName":"scheduler createAppInstance 应创建 NOT_LOADED 状态的实例","status":"passed","title":"应创建 NOT_LOADED 状态的实例","duration":2.2106999999998607,"failureMessages":[],"meta":{}},{"ancestorTitles":["scheduler","createAppInstance"],"fullName":"scheduler createAppInstance 应注册到全局实例表","status":"passed","title":"应注册到全局实例表","duration":0.5884999999998399,"failureMessages":[],"meta":{}},{"ancestorTitles":["scheduler","activateApp"],"fullName":"scheduler activateApp 应加载并挂载子应用","status":"passed","title":"应加载并挂载子应用","duration":1.732300000000123,"failureMessages":[],"meta":{}},{"ancestorTitles":["scheduler","activateApp"],"fullName":"scheduler activateApp 已挂载的应用不应重复挂载","status":"passed","title":"已挂载的应用不应重复挂载","duration":0.5041999999998552,"failureMessages":[],"meta":{}},{"ancestorTitles":["scheduler","deactivateApp"],"fullName":"scheduler deactivateApp 应卸载已挂载的应用","status":"passed","title":"应卸载已挂载的应用","duration":1.1984999999999673,"failureMessages":[],"meta":{}},{"ancestorTitles":["scheduler","deactivateApp"],"fullName":"scheduler deactivateApp 未挂载的应用不应失败","status":"passed","title":"未挂载的应用不应失败","duration":0.24699999999984357,"failureMessages":[],"meta":{}},{"ancestorTitles":["scheduler","keepAlive"],"fullName":"scheduler keepAlive 保活模式下应摘除 DOM 而不销毁组件","status":"passed","title":"保活模式下应摘除 DOM 而不销毁组件","duration":0.7777000000000953,"failureMessages":[],"meta":{}},{"ancestorTitles":["scheduler","keepAlive"],"fullName":"scheduler keepAlive 保活复用时应直接放回 DOM","status":"passed","title":"保活复用时应直接放回 DOM","duration":0.48240000000009786,"failureMessages":[],"meta":{}},{"ancestorTitles":["scheduler","getAllInstances"],"fullName":"scheduler getAllInstances 应返回所有已注册实例","status":"passed","title":"应返回所有已注册实例","duration":0.2726999999999862,"failureMessages":[],"meta":{}}],"startTime":1785811794123,"endTime":1785811794131.4824,"status":"passed","message":"","name":"D:/Code/ydsz/ydsz-pmis/ydsz-frontend/comm/effects/micro-kernel/__tests__/scheduler.test.ts"}]}